[1008/184613.732:ERROR:cache_util_win.cc(21)] Unable to move the cache: Acceso denegado. (0x5)
[1008/184613.733:ERROR:cache_util.cc(139)] Unable to move cache folder C:/ProgramData/Flexsim/FlexSim23.2//cef\GPUCache to C:/ProgramData/Flexsim/FlexSim23.2//cef\old_GPUCache_000
[1008/184613.733:ERROR:disk_cache.cc(184)] Unable to create cache
[1008/184613.733:ERROR:shader_disk_cache.cc(606)] Shader Cache Creation failed: -2
[1008/184614.539:INFO:CONSOLE(1)] "Uncaught TypeError: Cannot read property 'apply' of undefined", source: v8/flexsim (1)
[1008/184614.539:INFO:CONSOLE(1)] "Uncaught TypeError: Cannot read property 'apply' of undefined", source: v8/flexsim (1)
[1008/184614.539:INFO:CONSOLE(1)] "Uncaught TypeError: Cannot read property 'apply' of undefined", source: v8/flexsim (1)
[1008/184614.539:INFO:CONSOLE(1)] "Uncaught TypeError: Cannot read property 'apply' of undefined", source: v8/flexsim (1)
[1008/184617.661:WARNING:value_store_frontend.cc(43)] Reading mhjfbmdgcfjbbpaeojofohoefgiehjai.alarms from  failed: IO error: .../LOCK: Access denied. (ChromeMethodBFE: 15::LockFile::5)
[1008/184833.986:INFO:CONSOLE(1)] "Uncaught TypeError: Cannot read property 'apply' of undefined", source: v8/flexsim (1)
[1008/184834.019:INFO:CONSOLE(1)] "Uncaught TypeError: Cannot read property 'apply' of undefined", source: v8/flexsim (1)
[1008/184834.341:INFO:CONSOLE(1)] "Uncaught TypeError: Cannot read property 'apply' of undefined", source: v8/flexsim (1)
[1008/184834.341:INFO:CONSOLE(1)] "Uncaught TypeError: Cannot read property 'apply' of undefined", source: v8/flexsim (1)
[1008/184834.350:INFO:CONSOLE(1)] "Uncaught TypeError: Cannot read property 'apply' of undefined", source: v8/flexsim (1)
[1008/184834.350:INFO:CONSOLE(1)] "Uncaught TypeError: Cannot read property 'apply' of undefined", source: v8/flexsim (1)
[1008/190305.045:ERROR:gl_utils.cc(316)] [.RendererMainThread-000001B754DA8FE0] GL_INVALID_OPERATION: Framebuffer is incomplete.
[1008/190305.045:ERROR:gl_utils.cc(316)] [.RendererMainThread-000001B754DA8FE0] GL_INVALID_OPERATION: Framebuffer is incomplete.
[1008/190305.050:ERROR:gl_utils.cc(316)] [.RendererMainThread-000001B754DA8FE0] GL_INVALID_FRAMEBUFFER_OPERATION: Draw framebuffer is incomplete
[1008/191140.243:ERROR:gl_utils.cc(316)] [.RendererMainThread-000001BEDB15D910] GL_INVALID_OPERATION: Framebuffer is incomplete.
[1008/191140.243:ERROR:gl_utils.cc(316)] [.RendererMainThread-000001BEDB15D910] GL_INVALID_OPERATION: Framebuffer is incomplete.
[1008/191140.246:ERROR:gl_utils.cc(316)] [.RendererMainThread-000001BEDB15D910] GL_INVALID_FRAMEBUFFER_OPERATION: Draw framebuffer is incomplete
[1008/191235.932:INFO:CONSOLE(58)] "Uncaught TypeError: Cannot read property 'length' of undefined", source: file:///C:/ProgramData/Flexsim/FlexSim23.2/flexsimweb/bard3.js (58)
[1008/191235.942:INFO:CONSOLE(58)] "Uncaught TypeError: Cannot read property 'length' of undefined", source: file:///C:/ProgramData/Flexsim/FlexSim23.2/flexsimweb/bard3.js (58)
[1008/191235.953:INFO:CONSOLE(58)] "Uncaught TypeError: Cannot read property 'length' of undefined", source: file:///C:/ProgramData/Flexsim/FlexSim23.2/flexsimweb/bard3.js (58)
[1008/191235.963:INFO:CONSOLE(58)] "Uncaught TypeError: Cannot read property 'length' of undefined", source: file:///C:/ProgramData/Flexsim/FlexSim23.2/flexsimweb/bard3.js (58)
[1008/191235.969:INFO:CONSOLE(58)] "Uncaught TypeError: Cannot read property 'length' of undefined", source: file:///C:/ProgramData/Flexsim/FlexSim23.2/flexsimweb/bard3.js (58)
[1008/191235.973:INFO:CONSOLE(58)] "Uncaught TypeError: Cannot read property 'length' of undefined", source: file:///C:/ProgramData/Flexsim/FlexSim23.2/flexsimweb/bard3.js (58)
[1008/191235.978:INFO:CONSOLE(58)] "Uncaught TypeError: Cannot read property 'length' of undefined", source: file:///C:/ProgramData/Flexsim/FlexSim23.2/flexsimweb/bard3.js (58)
[1008/191235.982:INFO:CONSOLE(58)] "Uncaught TypeError: Cannot read property 'length' of undefined", source: file:///C:/ProgramData/Flexsim/FlexSim23.2/flexsimweb/bard3.js (58)
[1008/191235.986:INFO:CONSOLE(58)] "Uncaught TypeError: Cannot read property 'length' of undefined", source: file:///C:/ProgramData/Flexsim/FlexSim23.2/flexsimweb/bard3.js (58)
[1008/191235.990:INFO:CONSOLE(58)] "Uncaught TypeError: Cannot read property 'length' of undefined", source: file:///C:/ProgramData/Flexsim/FlexSim23.2/flexsimweb/bard3.js (58)
[1008/191235.994:INFO:CONSOLE(58)] "Uncaught TypeError: Cannot read property 'length' of undefined", source: file:///C:/ProgramData/Flexsim/FlexSim23.2/flexsimweb/bard3.js (58)
[1008/191235.996:INFO:CONSOLE(58)] "Uncaught TypeError: Cannot read property 'length' of undefined", source: file:///C:/ProgramData/Flexsim/FlexSim23.2/flexsimweb/bard3.js (58)
[1008/191236.003:INFO:CONSOLE(58)] "Uncaught TypeError: Cannot read property 'length' of undefined", source: file:///C:/ProgramData/Flexsim/FlexSim23.2/flexsimweb/bard3.js (58)
[1008/191236.009:INFO:CONSOLE(58)] "Uncaught TypeError: Cannot read property 'length' of undefined", source: file:///C:/ProgramData/Flexsim/FlexSim23.2/flexsimweb/bard3.js (58)
[1008/191236.018:INFO:CONSOLE(58)] "Uncaught TypeError: Cannot read property 'length' of undefined", source: file:///C:/ProgramData/Flexsim/FlexSim23.2/flexsimweb/bard3.js (58)
[1008/191236.024:INFO:CONSOLE(58)] "Uncaught TypeError: Cannot read property 'length' of undefined", source: file:///C:/ProgramData/Flexsim/FlexSim23.2/flexsimweb/bard3.js (58)
[1008/191236.028:INFO:CONSOLE(58)] "Uncaught TypeError: Cannot read property 'length' of undefined", source: file:///C:/ProgramData/Flexsim/FlexSim23.2/flexsimweb/bard3.js (58)
[1008/191236.032:INFO:CONSOLE(58)] "Uncaught TypeError: Cannot read property 'length' of undefined", source: file:///C:/ProgramData/Flexsim/FlexSim23.2/flexsimweb/bard3.js (58)
[1008/191236.036:INFO:CONSOLE(58)] "Uncaught TypeError: Cannot read property 'length' of undefined", source: file:///C:/ProgramData/Flexsim/FlexSim23.2/flexsimweb/bard3.js (58)
[1008/191236.042:INFO:CONSOLE(58)] "Uncaught TypeError: Cannot read property 'length' of undefined", source: file:///C:/ProgramData/Flexsim/FlexSim23.2/flexsimweb/bard3.js (58)
[1008/191236.048:INFO:CONSOLE(58)] "Uncaught TypeError: Cannot read property 'length' of undefined", source: file:///C:/ProgramData/Flexsim/FlexSim23.2/flexsimweb/bard3.js (58)
[1008/191236.052:INFO:CONSOLE(58)] "Uncaught TypeError: Cannot read property 'length' of undefined", source: file:///C:/ProgramData/Flexsim/FlexSim23.2/flexsimweb/bard3.js (58)
[1008/191236.057:INFO:CONSOLE(58)] "Uncaught TypeError: Cannot read property 'length' of undefined", source: file:///C:/ProgramData/Flexsim/FlexSim23.2/flexsimweb/bard3.js (58)
[1008/191236.061:INFO:CONSOLE(58)] "Uncaught TypeError: Cannot read property 'length' of undefined", source: file:///C:/ProgramData/Flexsim/FlexSim23.2/flexsimweb/bard3.js (58)
[1008/191236.065:INFO:CONSOLE(58)] "Uncaught TypeError: Cannot read property 'length' of undefined", source: file:///C:/ProgramData/Flexsim/FlexSim23.2/flexsimweb/bard3.js (58)
[1008/191236.069:INFO:CONSOLE(58)] "Uncaught TypeError: Cannot read property 'length' of undefined", source: file:///C:/ProgramData/Flexsim/FlexSim23.2/flexsimweb/bard3.js (58)
[1008/191236.075:INFO:CONSOLE(58)] "Uncaught TypeError: Cannot read property 'length' of undefined", source: file:///C:/ProgramData/Flexsim/FlexSim23.2/flexsimweb/bard3.js (58)
[1008/191236.079:INFO:CONSOLE(58)] "Uncaught TypeError: Cannot read property 'length' of undefined", source: file:///C:/ProgramData/Flexsim/FlexSim23.2/flexsimweb/bard3.js (58)
[1008/191236.083:INFO:CONSOLE(58)] "Uncaught TypeError: Cannot read property 'length' of undefined", source: file:///C:/ProgramData/Flexsim/FlexSim23.2/flexsimweb/bard3.js (58)
[1008/191236.092:INFO:CONSOLE(58)] "Uncaught TypeError: Cannot read property 'length' of undefined", source: file:///C:/ProgramData/Flexsim/FlexSim23.2/flexsimweb/bard3.js (58)
[1008/191236.100:INFO:CONSOLE(58)] "Uncaught TypeError: Cannot read property 'length' of undefined", source: file:///C:/ProgramData/Flexsim/FlexSim23.2/flexsimweb/bard3.js (58)
[1008/191236.107:INFO:CONSOLE(58)] "Uncaught TypeError: Cannot read property 'length' of undefined", source: file:///C:/ProgramData/Flexsim/FlexSim23.2/flexsimweb/bard3.js (58)
[1008/191236.109:INFO:CONSOLE(58)] "Uncaught TypeError: Cannot read property 'length' of undefined", source: file:///C:/ProgramData/Flexsim/FlexSim23.2/flexsimweb/bard3.js (58)
[1008/191236.116:INFO:CONSOLE(58)] "Uncaught TypeError: Cannot read property 'length' of undefined", source: file:///C:/ProgramData/Flexsim/FlexSim23.2/flexsimweb/bard3.js (58)
[1008/191236.133:INFO:CONSOLE(58)] "Uncaught TypeError: Cannot read property 'length' of undefined", source: file:///C:/ProgramData/Flexsim/FlexSim23.2/flexsimweb/bard3.js (58)
[1008/191236.143:INFO:CONSOLE(58)] "Uncaught TypeError: Cannot read property 'length' of undefined", source: file:///C:/ProgramData/Flexsim/FlexSim23.2/flexsimweb/bard3.js (58)
[1008/191236.147:INFO:CONSOLE(58)] "Uncaught TypeError: Cannot read property 'length' of undefined", source: file:///C:/ProgramData/Flexsim/FlexSim23.2/flexsimweb/bard3.js (58)
[1008/191236.168:INFO:CONSOLE(58)] "Uncaught TypeError: Cannot read property 'length' of undefined", source: file:///C:/ProgramData/Flexsim/FlexSim23.2/flexsimweb/bard3.js (58)
[1008/191236.172:INFO:CONSOLE(58)] "Uncaught TypeError: Cannot read property 'length' of undefined", source: file:///C:/ProgramData/Flexsim/FlexSim23.2/flexsimweb/bard3.js (58)
[1008/191236.195:INFO:CONSOLE(58)] "Uncaught TypeError: Cannot read property 'length' of undefined", source: file:///C:/ProgramData/Flexsim/FlexSim23.2/flexsimweb/bard3.js (58)
[1008/191236.220:INFO:CONSOLE(58)] "Uncaught TypeError: Cannot read property 'length' of undefined", source: file:///C:/ProgramData/Flexsim/FlexSim23.2/flexsimweb/bard3.js (58)
[1008/191236.249:INFO:CONSOLE(58)] "Uncaught TypeError: Cannot read property 'length' of undefined", source: file:///C:/ProgramData/Flexsim/FlexSim23.2/flexsimweb/bard3.js (58)
[1008/191236.264:INFO:CONSOLE(58)] "Uncaught TypeError: Cannot read property 'length' of undefined", source: file:///C:/ProgramData/Flexsim/FlexSim23.2/flexsimweb/bard3.js (58)
[1008/191236.279:INFO:CONSOLE(58)] "Uncaught TypeError: Cannot read property 'length' of undefined", source: file:///C:/ProgramData/Flexsim/FlexSim23.2/flexsimweb/bard3.js (58)
[1008/191236.291:INFO:CONSOLE(58)] "Uncaught TypeError: Cannot read property 'length' of undefined", source: file:///C:/ProgramData/Flexsim/FlexSim23.2/flexsimweb/bard3.js (58)
[1008/191236.294:INFO:CONSOLE(58)] "Uncaught TypeError: Cannot read property 'length' of undefined", source: file:///C:/ProgramData/Flexsim/FlexSim23.2/flexsimweb/bard3.js (58)
[1008/191236.318:INFO:CONSOLE(58)] "Uncaught TypeError: Cannot read property 'length' of undefined", source: file:///C:/ProgramData/Flexsim/FlexSim23.2/flexsimweb/bard3.js (58)
[1008/191236.333:INFO:CONSOLE(58)] "Uncaught TypeError: Cannot read property 'length' of undefined", source: file:///C:/ProgramData/Flexsim/FlexSim23.2/flexsimweb/bard3.js (58)
[1008/191237.096:INFO:CONSOLE(58)] "Uncaught TypeError: Cannot read property 'length' of undefined", source: file:///C:/ProgramData/Flexsim/FlexSim23.2/flexsimweb/bard3.js (58)
[1008/191241.586:INFO:CONSOLE(58)] "Uncaught TypeError: Cannot read property 'length' of undefined", source: file:///C:/ProgramData/Flexsim/FlexSim23.2/flexsimweb/bard3.js (58)
[1008/191244.603:INFO:CONSOLE(58)] "Uncaught TypeError: Cannot read property 'length' of undefined", source: file:///C:/ProgramData/Flexsim/FlexSim23.2/flexsimweb/bard3.js (58)
[1008/191252.448:INFO:CONSOLE(58)] "Uncaught TypeError: Cannot read property 'length' of undefined", source: file:///C:/ProgramData/Flexsim/FlexSim23.2/flexsimweb/bard3.js (58)
[1008/191614.308:INFO:CONSOLE(1)] "Uncaught TypeError: Cannot read property 'apply' of undefined", source: v8/flexsim (1)
[1008/191614.308:INFO:CONSOLE(1)] "Uncaught TypeError: Cannot read property 'apply' of undefined", source: v8/flexsim (1)
[1008/191614.308:INFO:CONSOLE(1)] "Uncaught TypeError: Cannot read property 'apply' of undefined", source: v8/flexsim (1)
[1008/191624.364:INFO:CONSOLE(1)] "Uncaught TypeError: Cannot read property 'apply' of undefined", source: v8/flexsim (1)
[1008/191624.364:INFO:CONSOLE(1)] "Uncaught TypeError: Cannot read property 'apply' of undefined", source: v8/flexsim (1)
[1008/191624.365:INFO:CONSOLE(1)] "Uncaught TypeError: Cannot read property 'apply' of undefined", source: v8/flexsim (1)
[1008/191624.401:INFO:CONSOLE(1)] "Uncaught TypeError: Cannot read property 'apply' of undefined", source: v8/flexsim (1)
[1008/191624.437:INFO:CONSOLE(1)] "Uncaught TypeError: Cannot read property 'apply' of undefined", source: v8/flexsim (1)
[1008/191624.443:INFO:CONSOLE(1)] "Uncaught TypeError: Cannot read property 'apply' of undefined", source: v8/flexsim (1)
[1008/191624.446:INFO:CONSOLE(1)] "Uncaught TypeError: Cannot read property 'apply' of undefined", source: v8/flexsim (1)
[1008/191624.453:INFO:CONSOLE(1)] "Uncaught TypeError: Cannot read property 'apply' of undefined", source: v8/flexsim (1)
[1008/191624.463:INFO:CONSOLE(1)] "Uncaught TypeError: Cannot read property 'apply' of undefined", source: v8/flexsim (1)
[1008/191624.543:INFO:CONSOLE(1)] "Uncaught TypeError: Cannot read property 'apply' of undefined", source: v8/flexsim (1)
[1008/191624.548:INFO:CONSOLE(1)] "Uncaught TypeError: Cannot read property 'apply' of undefined", source: v8/flexsim (1)
[1008/191624.549:INFO:CONSOLE(1)] "Uncaught TypeError: Cannot read property 'apply' of undefined", source: v8/flexsim (1)
[1008/191624.574:INFO:CONSOLE(1)] "Uncaught TypeError: Cannot read property 'apply' of undefined", source: v8/flexsim (1)
[1008/191624.605:INFO:CONSOLE(1)] "Uncaught TypeError: Cannot read property 'apply' of undefined", source: v8/flexsim (1)
[1008/191624.965:INFO:CONSOLE(1)] "Uncaught TypeError: Cannot read property 'apply' of undefined", source: v8/flexsim (1)
[1008/191624.978:INFO:CONSOLE(1)] "Uncaught TypeError: Cannot read property 'apply' of undefined", source: v8/flexsim (1)
[1008/191624.996:INFO:CONSOLE(1)] "Uncaught TypeError: Cannot read property 'apply' of undefined", source: v8/flexsim (1)
[1008/191625.012:INFO:CONSOLE(1)] "Uncaught TypeError: Cannot read property 'apply' of undefined", source: v8/flexsim (1)
[1008/191625.025:INFO:CONSOLE(1)] "Uncaught TypeError: Cannot read property 'apply' of undefined", source: v8/flexsim (1)
[1008/191625.037:INFO:CONSOLE(1)] "Uncaught TypeError: Cannot read property 'apply' of undefined", source: v8/flexsim (1)
[1008/191625.057:INFO:CONSOLE(1)] "Uncaught TypeError: Cannot read property 'apply' of undefined", source: v8/flexsim (1)
[1008/191625.077:INFO:CONSOLE(1)] "Uncaught TypeError: Cannot read property 'apply' of undefined", source: v8/flexsim (1)
[1008/191625.090:INFO:CONSOLE(1)] "Uncaught TypeError: Cannot read property 'apply' of undefined", source: v8/flexsim (1)
[1008/191625.105:INFO:CONSOLE(1)] "Uncaught TypeError: Cannot read property 'apply' of undefined", source: v8/flexsim (1)
[1008/191625.167:INFO:CONSOLE(1)] "Uncaught TypeError: Cannot read property 'apply' of undefined", source: v8/flexsim (1)
[1008/191625.183:INFO:CONSOLE(1)] "Uncaught TypeError: Cannot read property 'apply' of undefined", source: v8/flexsim (1)
[1008/191625.262:INFO:CONSOLE(1)] "Uncaught TypeError: Cannot read property 'apply' of undefined", source: v8/flexsim (1)
[1008/191625.292:INFO:CONSOLE(1)] "Uncaught TypeError: Cannot read property 'apply' of undefined", source: v8/flexsim (1)
[1008/191625.372:INFO:CONSOLE(1)] "Uncaught TypeError: Cannot read property 'apply' of undefined", source: v8/flexsim (1)
[1008/191625.468:INFO:CONSOLE(1)] "Uncaught TypeError: Cannot read property 'apply' of undefined", source: v8/flexsim (1)
[1008/191625.480:INFO:CONSOLE(1)] "Uncaught TypeError: Cannot read property 'apply' of undefined", source: v8/flexsim (1)
[1008/191625.506:INFO:CONSOLE(1)] "Uncaught TypeError: Cannot read property 'apply' of undefined", source: v8/flexsim (1)
[1008/191625.527:INFO:CONSOLE(1)] "Uncaught TypeError: Cannot read property 'apply' of undefined", source: v8/flexsim (1)
[1008/191625.622:INFO:CONSOLE(1)] "Uncaught TypeError: Cannot read property 'apply' of undefined", source: v8/flexsim (1)
[1008/191625.625:INFO:CONSOLE(1)] "Uncaught TypeError: Cannot read property 'apply' of undefined", source: v8/flexsim (1)
[1008/191625.628:INFO:CONSOLE(1)] "Uncaught TypeError: Cannot read property 'apply' of undefined", source: v8/flexsim (1)
[1008/191625.632:INFO:CONSOLE(1)] "Uncaught TypeError: Cannot read property 'apply' of undefined", source: v8/flexsim (1)
[1008/191625.633:INFO:CONSOLE(1)] "Uncaught TypeError: Cannot read property 'apply' of undefined", source: v8/flexsim (1)
[1008/191625.636:INFO:CONSOLE(1)] "Uncaught TypeError: Cannot read property 'apply' of undefined", source: v8/flexsim (1)
[1008/191625.642:INFO:CONSOLE(1)] "Uncaught TypeError: Cannot read property 'apply' of undefined", source: v8/flexsim (1)
[1008/191625.643:INFO:CONSOLE(1)] "Uncaught TypeError: Cannot read property 'apply' of undefined", source: v8/flexsim (1)
[1008/191625.647:INFO:CONSOLE(1)] "Uncaught TypeError: Cannot read property 'apply' of undefined", source: v8/flexsim (1)
[1008/191625.653:INFO:CONSOLE(1)] "Uncaught TypeError: Cannot read property 'apply' of undefined", source: v8/flexsim (1)
[1008/191625.653:INFO:CONSOLE(1)] "Uncaught TypeError: Cannot read property 'apply' of undefined", source: v8/flexsim (1)
[1008/191625.654:INFO:CONSOLE(1)] "Uncaught TypeError: Cannot read property 'apply' of undefined", source: v8/flexsim (1)
[1008/191700.391:INFO:CONSOLE(1)] "Uncaught TypeError: Cannot read property 'apply' of undefined", source: v8/flexsim (1)
[1008/191700.393:INFO:CONSOLE(1)] "Uncaught TypeError: Cannot read property 'apply' of undefined", source: v8/flexsim (1)
[1008/191700.394:INFO:CONSOLE(1)] "Uncaught TypeError: Cannot read property 'apply' of undefined", source: v8/flexsim (1)
[1008/191700.394:INFO:CONSOLE(1)] "Uncaught TypeError: Cannot read property 'apply' of undefined", source: v8/flexsim (1)
[1008/191700.396:INFO:CONSOLE(1)] "Uncaught TypeError: Cannot read property 'apply' of undefined", source: v8/flexsim (1)
[1008/191700.397:INFO:CONSOLE(1)] "Uncaught TypeError: Cannot read property 'apply' of undefined", source: v8/flexsim (1)
[1008/191700.398:INFO:CONSOLE(1)] "Uncaught TypeError: Cannot read property 'apply' of undefined", source: v8/flexsim (1)
[1008/191700.399:INFO:CONSOLE(1)] "Uncaught TypeError: Cannot read property 'apply' of undefined", source: v8/flexsim (1)
[1008/191700.401:INFO:CONSOLE(1)] "Uncaught TypeError: Cannot read property 'apply' of undefined", source: v8/flexsim (1)
[1008/191700.402:INFO:CONSOLE(1)] "Uncaught TypeError: Cannot read property 'apply' of undefined", source: v8/flexsim (1)
[1008/191700.403:INFO:CONSOLE(1)] "Uncaught TypeError: Cannot read property 'apply' of undefined", source: v8/flexsim (1)
[1008/191700.404:INFO:CONSOLE(1)] "Uncaught TypeError: Cannot read property 'apply' of undefined", source: v8/flexsim (1)
[1008/191707.675:INFO:CONSOLE(1)] "Uncaught TypeError: Cannot read property 'apply' of undefined", source: v8/flexsim (1)
[1008/191707.678:INFO:CONSOLE(1)] "Uncaught TypeError: Cannot read property 'apply' of undefined", source: v8/flexsim (1)
[1008/191707.678:INFO:CONSOLE(1)] "Uncaught TypeError: Cannot read property 'apply' of undefined", source: v8/flexsim (1)
[1008/191707.680:INFO:CONSOLE(1)] "Uncaught TypeError: Cannot read property 'apply' of undefined", source: v8/flexsim (1)
[1008/191707.680:INFO:CONSOLE(1)] "Uncaught TypeError: Cannot read property 'apply' of undefined", source: v8/flexsim (1)
[1008/191707.680:INFO:CONSOLE(1)] "Uncaught TypeError: Cannot read property 'apply' of undefined", source: v8/flexsim (1)
[1008/191707.683:INFO:CONSOLE(1)] "Uncaught TypeError: Cannot read property 'apply' of undefined", source: v8/flexsim (1)
[1008/191708.100:INFO:CONSOLE(1)] "Uncaught TypeError: Cannot read property 'apply' of undefined", source: v8/flexsim (1)
[1008/191708.430:INFO:CONSOLE(1)] "Uncaught TypeError: Cannot read property 'apply' of undefined", source: v8/flexsim (1)
[1008/191708.431:INFO:CONSOLE(1)] "Uncaught TypeError: Cannot read property 'apply' of undefined", source: v8/flexsim (1)
[1008/191708.756:INFO:CONSOLE(1)] "Uncaught TypeError: Cannot read property 'apply' of undefined", source: v8/flexsim (1)
[1008/191708.954:INFO:CONSOLE(1)] "Uncaught TypeError: Cannot read property 'apply' of undefined", source: v8/flexsim (1)
[1008/191708.956:INFO:CONSOLE(1)] "Uncaught TypeError: Cannot read property 'apply' of undefined", source: v8/flexsim (1)
[1008/191708.956:INFO:CONSOLE(1)] "Uncaught TypeError: Cannot read property 'apply' of undefined", source: v8/flexsim (1)
[1008/191708.957:INFO:CONSOLE(1)] "Uncaught TypeError: Cannot read property 'apply' of undefined", source: v8/flexsim (1)
[1008/191711.046:INFO:CONSOLE(1)] "Uncaught TypeError: Cannot read property 'apply' of undefined", source: v8/flexsim (1)
[1008/191711.047:INFO:CONSOLE(1)] "Uncaught TypeError: Cannot read property 'apply' of undefined", source: v8/flexsim (1)
[1008/191711.048:INFO:CONSOLE(1)] "Uncaught TypeError: Cannot read property 'apply' of undefined", source: v8/flexsim (1)
[1008/191711.049:INFO:CONSOLE(1)] "Uncaught TypeError: Cannot read property 'apply' of undefined", source: v8/flexsim (1)
[1008/191711.050:INFO:CONSOLE(1)] "Uncaught TypeError: Cannot read property 'apply' of undefined", source: v8/flexsim (1)
[1008/191711.050:INFO:CONSOLE(1)] "Uncaught TypeError: Cannot read property 'apply' of undefined", source: v8/flexsim (1)
[1008/191711.051:INFO:CONSOLE(1)] "Uncaught TypeError: Cannot read property 'apply' of undefined", source: v8/flexsim (1)
[1008/191711.052:INFO:CONSOLE(1)] "Uncaught TypeError: Cannot read property 'apply' of undefined", source: v8/flexsim (1)
[1008/191732.807:INFO:CONSOLE(1)] "Uncaught TypeError: Cannot read property 'apply' of undefined", source: v8/flexsim (1)
[1008/191732.808:INFO:CONSOLE(1)] "Uncaught TypeError: Cannot read property 'apply' of undefined", source: v8/flexsim (1)
[1008/191732.809:INFO:CONSOLE(1)] "Uncaught TypeError: Cannot read property 'apply' of undefined", source: v8/flexsim (1)
[1008/191732.810:INFO:CONSOLE(1)] "Uncaught TypeError: Cannot read property 'apply' of undefined", source: v8/flexsim (1)
[1008/191732.812:INFO:CONSOLE(1)] "Uncaught TypeError: Cannot read property 'apply' of undefined", source: v8/flexsim (1)
[1008/191732.812:INFO:CONSOLE(1)] "Uncaught TypeError: Cannot read property 'apply' of undefined", source: v8/flexsim (1)
[1008/191732.814:INFO:CONSOLE(1)] "Uncaught TypeError: Cannot read property 'apply' of undefined", source: v8/flexsim (1)
[1008/191732.814:INFO:CONSOLE(1)] "Uncaught TypeError: Cannot read property 'apply' of undefined", source: v8/flexsim (1)
[1008/191732.818:INFO:CONSOLE(1)] "Uncaught TypeError: Cannot read property 'apply' of undefined", source: v8/flexsim (1)
[1008/191732.818:INFO:CONSOLE(1)] "Uncaught TypeError: Cannot read property 'apply' of undefined", source: v8/flexsim (1)
[1008/191732.820:INFO:CONSOLE(1)] "Uncaught TypeError: Cannot read property 'apply' of undefined", source: v8/flexsim (1)
[1008/191732.821:INFO:CONSOLE(1)] "Uncaught TypeError: Cannot read property 'apply' of undefined", source: v8/flexsim (1)
[1008/191732.823:INFO:CONSOLE(1)] "Uncaught TypeError: Cannot read property 'apply' of undefined", source: v8/flexsim (1)
[1008/191732.824:INFO:CONSOLE(1)] "Uncaught TypeError: Cannot read property 'apply' of undefined", source: v8/flexsim (1)
[1008/191732.825:INFO:CONSOLE(1)] "Uncaught TypeError: Cannot read property 'apply' of undefined", source: v8/flexsim (1)
[1008/191734.325:INFO:CONSOLE(1)] "Uncaught TypeError: Cannot read property 'apply' of undefined", source: v8/flexsim (1)
[1008/191734.325:INFO:CONSOLE(1)] "Uncaught TypeError: Cannot read property 'apply' of undefined", source: v8/flexsim (1)
[1008/191734.325:INFO:CONSOLE(1)] "Uncaught TypeError: Cannot read property 'apply' of undefined", source: v8/flexsim (1)
[1008/191734.325:INFO:CONSOLE(1)] "Uncaught TypeError: Cannot read property 'apply' of undefined", source: v8/flexsim (1)
[1008/191745.193:INFO:CONSOLE(1)] "Uncaught TypeError: Cannot read property 'apply' of undefined", source: v8/flexsim (1)
[1008/191748.325:INFO:CONSOLE(1)] "Uncaught TypeError: Cannot read property 'apply' of undefined", source: v8/flexsim (1)
[1008/191801.518:INFO:CONSOLE(1)] "Uncaught TypeError: Cannot read property 'apply' of undefined", source: v8/flexsim (1)
[1008/191802.777:INFO:CONSOLE(1)] "Uncaught TypeError: Cannot read property 'apply' of undefined", source: v8/flexsim (1)
[1008/191803.141:INFO:CONSOLE(1)] "Uncaught TypeError: Cannot read property 'apply' of undefined", source: v8/flexsim (1)
[1008/191803.142:INFO:CONSOLE(1)] "Uncaught TypeError: Cannot read property 'apply' of undefined", source: v8/flexsim (1)
[1008/191803.246:INFO:CONSOLE(1)] "Uncaught TypeError: Cannot read property 'apply' of undefined", source: v8/flexsim (1)
[1008/191803.249:INFO:CONSOLE(1)] "Uncaught TypeError: Cannot read property 'apply' of undefined", source: v8/flexsim (1)
[1008/191803.249:INFO:CONSOLE(1)] "Uncaught TypeError: Cannot read property 'apply' of undefined", source: v8/flexsim (1)
[1008/191809.784:INFO:CONSOLE(1)] "Uncaught TypeError: Cannot read property 'apply' of undefined", source: v8/flexsim (1)
[1008/191809.784:INFO:CONSOLE(1)] "Uncaught TypeError: Cannot read property 'apply' of undefined", source: v8/flexsim (1)
[1008/191809.835:INFO:CONSOLE(1)] "Uncaught TypeError: Cannot read property 'apply' of undefined", source: v8/flexsim (1)
[1008/191809.836:INFO:CONSOLE(1)] "Uncaught TypeError: Cannot read property 'apply' of undefined", source: v8/flexsim (1)
[1008/191809.837:INFO:CONSOLE(1)] "Uncaught TypeError: Cannot read property 'apply' of undefined", source: v8/flexsim (1)
[1008/191811.156:INFO:CONSOLE(1)] "Uncaught TypeError: Cannot read property 'apply' of undefined", source: v8/flexsim (1)
[1008/191811.156:INFO:CONSOLE(1)] "Uncaught TypeError: Cannot read property 'apply' of undefined", source: v8/flexsim (1)
[1008/191811.156:INFO:CONSOLE(1)] "Uncaught TypeError: Cannot read property 'apply' of undefined", source: v8/flexsim (1)
[1008/191811.192:INFO:CONSOLE(1)] "Uncaught TypeError: Cannot read property 'apply' of undefined", source: v8/flexsim (1)
[1008/191811.192:INFO:CONSOLE(1)] "Uncaught TypeError: Cannot read property 'apply' of undefined", source: v8/flexsim (1)
[1008/191811.192:INFO:CONSOLE(1)] "Uncaught TypeError: Cannot read property 'apply' of undefined", source: v8/flexsim (1)
[1008/191811.192:INFO:CONSOLE(1)] "Uncaught TypeError: Cannot read property 'apply' of undefined", source: v8/flexsim (1)
[1008/191811.193:INFO:CONSOLE(1)] "Uncaught TypeError: Cannot read property 'apply' of undefined", source: v8/flexsim (1)
[1008/191811.194:INFO:CONSOLE(1)] "Uncaught TypeError: Cannot read property 'apply' of undefined", source: v8/flexsim (1)
[1008/191811.195:INFO:CONSOLE(1)] "Uncaught TypeError: Cannot read property 'apply' of undefined", source: v8/flexsim (1)
[1008/191830.044:INFO:CONSOLE(1)] "Uncaught TypeError: Cannot read property 'apply' of undefined", source: v8/flexsim (1)
[1008/191830.044:INFO:CONSOLE(1)] "Uncaught TypeError: Cannot read property 'apply' of undefined", source: v8/flexsim (1)
[1008/191830.045:INFO:CONSOLE(1)] "Uncaught TypeError: Cannot read property 'apply' of undefined", source: v8/flexsim (1)
[1008/191830.046:INFO:CONSOLE(1)] "Uncaught TypeError: Cannot read property 'apply' of undefined", source: v8/flexsim (1)
[1008/191830.053:INFO:CONSOLE(1)] "Uncaught TypeError: Cannot read property 'apply' of undefined", source: v8/flexsim (1)
[1008/191830.053:INFO:CONSOLE(1)] "Uncaught TypeError: Cannot read property 'apply' of undefined", source: v8/flexsim (1)
[1008/191831.312:INFO:CONSOLE(1)] "Uncaught TypeError: Cannot read property 'apply' of undefined", source: v8/flexsim (1)
[1008/191831.312:INFO:CONSOLE(1)] "Uncaught TypeError: Cannot read property 'apply' of undefined", source: v8/flexsim (1)
[1008/191831.640:INFO:CONSOLE(1)] "Uncaught TypeError: Cannot read property 'apply' of undefined", source: v8/flexsim (1)
[1008/191831.640:INFO:CONSOLE(1)] "Uncaught TypeError: Cannot read property 'apply' of undefined", source: v8/flexsim (1)
[1008/191935.768:INFO:CONSOLE(1)] "Uncaught TypeError: Cannot read property 'apply' of undefined", source: v8/flexsim (1)
[1008/191935.768:INFO:CONSOLE(1)] "Uncaught TypeError: Cannot read property 'apply' of undefined", source: v8/flexsim (1)
[1008/191935.768:INFO:CONSOLE(1)] "Uncaught TypeError: Cannot read property 'apply' of undefined", source: v8/flexsim (1)
[1008/191949.832:INFO:CONSOLE(1)] "Uncaught TypeError: Cannot read property 'apply' of undefined", source: v8/flexsim (1)
[1008/191949.832:INFO:CONSOLE(1)] "Uncaught TypeError: Cannot read property 'apply' of undefined", source: v8/flexsim (1)
[1008/191949.832:INFO:CONSOLE(1)] "Uncaught TypeError: Cannot read property 'apply' of undefined", source: v8/flexsim (1)
[1008/191949.832:INFO:CONSOLE(1)] "Uncaught TypeError: Cannot read property 'apply' of undefined", source: v8/flexsim (1)
[1020/113005.580:ERROR:cache_util_win.cc(21)] Unable to move the cache: Acceso denegado. (0x5)
[1020/113005.581:ERROR:cache_util.cc(139)] Unable to move cache folder C:/ProgramData/Flexsim/FlexSim23.2//cef\GPUCache to C:/ProgramData/Flexsim/FlexSim23.2//cef\old_GPUCache_000
[1020/113005.581:ERROR:disk_cache.cc(184)] Unable to create cache
[1020/113005.581:ERROR:shader_disk_cache.cc(606)] Shader Cache Creation failed: -2
[1020/113006.396:INFO:CONSOLE(1)] "Uncaught TypeError: Cannot read property 'apply' of undefined", source: v8/flexsim (1)
[1020/113006.396:INFO:CONSOLE(1)] "Uncaught TypeError: Cannot read property 'apply' of undefined", source: v8/flexsim (1)
[1020/113006.396:INFO:CONSOLE(1)] "Uncaught TypeError: Cannot read property 'apply' of undefined", source: v8/flexsim (1)
[1020/113006.396:INFO:CONSOLE(1)] "Uncaught TypeError: Cannot read property 'apply' of undefined", source: v8/flexsim (1)
[1020/113007.726:INFO:CONSOLE(1)] "Uncaught TypeError: Cannot read property 'apply' of undefined", source: v8/flexsim (1)
[1020/113007.757:INFO:CONSOLE(1)] "Uncaught TypeError: Cannot read property 'apply' of undefined", source: v8/flexsim (1)
[1020/113008.397:INFO:CONSOLE(1)] "Uncaught TypeError: Cannot read property 'apply' of undefined", source: v8/flexsim (1)
[1020/113008.397:INFO:CONSOLE(1)] "Uncaught TypeError: Cannot read property 'apply' of undefined", source: v8/flexsim (1)
[1020/113009.402:WARNING:value_store_frontend.cc(43)] Reading mhjfbmdgcfjbbpaeojofohoefgiehjai.alarms from  failed: IO error: .../LOCK: Access denied. (ChromeMethodBFE: 15::LockFile::5)
[1020/113119.983:ERROR:cache_util_win.cc(21)] Unable to move the cache: Acceso denegado. (0x5)
[1020/113119.983:ERROR:cache_util.cc(139)] Unable to move cache folder C:/ProgramData/Flexsim/FlexSim23.2//cef\GPUCache to C:/ProgramData/Flexsim/FlexSim23.2//cef\old_GPUCache_000
[1020/113119.983:ERROR:disk_cache.cc(184)] Unable to create cache
[1020/113119.983:ERROR:shader_disk_cache.cc(606)] Shader Cache Creation failed: -2
[1020/113120.823:INFO:CONSOLE(1)] "Uncaught TypeError: Cannot read property 'apply' of undefined", source: v8/flexsim (1)
[1020/113120.823:INFO:CONSOLE(1)] "Uncaught TypeError: Cannot read property 'apply' of undefined", source: v8/flexsim (1)
[1020/113120.825:INFO:CONSOLE(1)] "Uncaught TypeError: Cannot read property 'apply' of undefined", source: v8/flexsim (1)
[1020/113120.826:INFO:CONSOLE(1)] "Uncaught TypeError: Cannot read property 'apply' of undefined", source: v8/flexsim (1)
[1020/113123.914:WARNING:value_store_frontend.cc(43)] Reading mhjfbmdgcfjbbpaeojofohoefgiehjai.alarms from  failed: IO error: .../LOCK: Access denied. (ChromeMethodBFE: 15::LockFile::5)
[1020/113145.219:INFO:CONSOLE(1)] "Uncaught TypeError: Cannot read property 'apply' of undefined", source: v8/flexsim (1)
[1020/113146.733:INFO:CONSOLE(1)] "Uncaught TypeError: Cannot read property 'apply' of undefined", source: v8/flexsim (1)
[1020/113146.733:INFO:CONSOLE(1)] "Uncaught TypeError: Cannot read property 'apply' of undefined", source: v8/flexsim (1)
[1020/113147.281:INFO:CONSOLE(1)] "Uncaught TypeError: Cannot read property 'apply' of undefined", source: v8/flexsim (1)
[1020/113147.636:INFO:CONSOLE(1)] "Uncaught TypeError: Cannot read property 'apply' of undefined", source: v8/flexsim (1)
[1020/113147.686:INFO:CONSOLE(1)] "Uncaught TypeError: Cannot read property 'apply' of undefined", source: v8/flexsim (1)
[1020/113147.687:INFO:CONSOLE(1)] "Uncaught TypeError: Cannot read property 'apply' of undefined", source: v8/flexsim (1)
[1020/113147.688:INFO:CONSOLE(1)] "Uncaught TypeError: Cannot read property 'apply' of undefined", source: v8/flexsim (1)
[1020/113147.689:INFO:CONSOLE(1)] "Uncaught TypeError: Cannot read property 'apply' of undefined", source: v8/flexsim (1)
[1020/113147.689:INFO:CONSOLE(1)] "Uncaught TypeError: Cannot read property 'apply' of undefined", source: v8/flexsim (1)
[1020/113147.691:INFO:CONSOLE(1)] "Uncaught TypeError: Cannot read property 'apply' of undefined", source: v8/flexsim (1)
[1020/113148.832:INFO:CONSOLE(1)] "Uncaught TypeError: Cannot read property 'apply' of undefined", source: v8/flexsim (1)
[1020/113148.843:INFO:CONSOLE(1)] "Uncaught TypeError: Cannot read property 'apply' of undefined", source: v8/flexsim (1)
[1020/113149.439:INFO:CONSOLE(1)] "Uncaught TypeError: Cannot read property 'apply' of undefined", source: v8/flexsim (1)
[1020/113149.439:INFO:CONSOLE(1)] "Uncaught TypeError: Cannot read property 'apply' of undefined", source: v8/flexsim (1)
[1020/113149.458:INFO:CONSOLE(1)] "Uncaught TypeError: Cannot read property 'apply' of undefined", source: v8/flexsim (1)
[1020/113149.458:INFO:CONSOLE(1)] "Uncaught TypeError: Cannot read property 'apply' of undefined", source: v8/flexsim (1)
[1020/113533.954:ERROR:gl_utils.cc(316)] [.RendererMainThread-000001A827F83490] GL_INVALID_OPERATION: Framebuffer is incomplete.
[1020/113533.954:ERROR:gl_utils.cc(316)] [.RendererMainThread-000001A827F83490] GL_INVALID_OPERATION: Framebuffer is incomplete.
[1020/113533.958:ERROR:gl_utils.cc(316)] [.RendererMainThread-000001A827F83490] GL_INVALID_FRAMEBUFFER_OPERATION: Draw framebuffer is incomplete
[1020/113747.574:INFO:CONSOLE(58)] "Uncaught TypeError: Cannot read property 'length' of undefined", source: file:///C:/ProgramData/Flexsim/FlexSim23.2/flexsimweb/bard3.js (58)
[1020/113747.625:INFO:CONSOLE(58)] "Uncaught TypeError: Cannot read property 'length' of undefined", source: file:///C:/ProgramData/Flexsim/FlexSim23.2/flexsimweb/bard3.js (58)
[1020/113747.634:INFO:CONSOLE(58)] "Uncaught TypeError: Cannot read property 'length' of undefined", source: file:///C:/ProgramData/Flexsim/FlexSim23.2/flexsimweb/bard3.js (58)
[1020/113747.636:INFO:CONSOLE(58)] "Uncaught TypeError: Cannot read property 'length' of undefined", source: file:///C:/ProgramData/Flexsim/FlexSim23.2/flexsimweb/bard3.js (58)
[1020/113747.645:INFO:CONSOLE(58)] "Uncaught TypeError: Cannot read property 'length' of undefined", source: file:///C:/ProgramData/Flexsim/FlexSim23.2/flexsimweb/bard3.js (58)
[1020/113747.646:INFO:CONSOLE(58)] "Uncaught TypeError: Cannot read property 'length' of undefined", source: file:///C:/ProgramData/Flexsim/FlexSim23.2/flexsimweb/bard3.js (58)
[1020/113747.653:INFO:CONSOLE(58)] "Uncaught TypeError: Cannot read property 'length' of undefined", source: file:///C:/ProgramData/Flexsim/FlexSim23.2/flexsimweb/bard3.js (58)
[1020/113747.662:INFO:CONSOLE(58)] "Uncaught TypeError: Cannot read property 'length' of undefined", source: file:///C:/ProgramData/Flexsim/FlexSim23.2/flexsimweb/bard3.js (58)
[1020/113747.667:INFO:CONSOLE(58)] "Uncaught TypeError: Cannot read property 'length' of undefined", source: file:///C:/ProgramData/Flexsim/FlexSim23.2/flexsimweb/bard3.js (58)
[1020/113747.673:INFO:CONSOLE(58)] "Uncaught TypeError: Cannot read property 'length' of undefined", source: file:///C:/ProgramData/Flexsim/FlexSim23.2/flexsimweb/bard3.js (58)
[1020/113747.677:INFO:CONSOLE(58)] "Uncaught TypeError: Cannot read property 'length' of undefined", source: file:///C:/ProgramData/Flexsim/FlexSim23.2/flexsimweb/bard3.js (58)
[1020/113747.682:INFO:CONSOLE(58)] "Uncaught TypeError: Cannot read property 'length' of undefined", source: file:///C:/ProgramData/Flexsim/FlexSim23.2/flexsimweb/bard3.js (58)
[1020/113747.688:INFO:CONSOLE(58)] "Uncaught TypeError: Cannot read property 'length' of undefined", source: file:///C:/ProgramData/Flexsim/FlexSim23.2/flexsimweb/bard3.js (58)
[1020/113747.693:INFO:CONSOLE(58)] "Uncaught TypeError: Cannot read property 'length' of undefined", source: file:///C:/ProgramData/Flexsim/FlexSim23.2/flexsimweb/bard3.js (58)
[1020/113747.697:INFO:CONSOLE(58)] "Uncaught TypeError: Cannot read property 'length' of undefined", source: file:///C:/ProgramData/Flexsim/FlexSim23.2/flexsimweb/bard3.js (58)
[1020/113747.706:INFO:CONSOLE(58)] "Uncaught TypeError: Cannot read property 'length' of undefined", source: file:///C:/ProgramData/Flexsim/FlexSim23.2/flexsimweb/bard3.js (58)
[1020/113747.710:INFO:CONSOLE(58)] "Uncaught TypeError: Cannot read property 'length' of undefined", source: file:///C:/ProgramData/Flexsim/FlexSim23.2/flexsimweb/bard3.js (58)
[1020/113747.719:INFO:CONSOLE(58)] "Uncaught TypeError: Cannot read property 'length' of undefined", source: file:///C:/ProgramData/Flexsim/FlexSim23.2/flexsimweb/bard3.js (58)
[1020/113747.723:INFO:CONSOLE(58)] "Uncaught TypeError: Cannot read property 'length' of undefined", source: file:///C:/ProgramData/Flexsim/FlexSim23.2/flexsimweb/bard3.js (58)
[1020/113747.727:INFO:CONSOLE(58)] "Uncaught TypeError: Cannot read property 'length' of undefined", source: file:///C:/ProgramData/Flexsim/FlexSim23.2/flexsimweb/bard3.js (58)
[1020/113747.732:INFO:CONSOLE(58)] "Uncaught TypeError: Cannot read property 'length' of undefined", source: file:///C:/ProgramData/Flexsim/FlexSim23.2/flexsimweb/bard3.js (58)
[1020/113747.744:INFO:CONSOLE(58)] "Uncaught TypeError: Cannot read property 'length' of undefined", source: file:///C:/ProgramData/Flexsim/FlexSim23.2/flexsimweb/bard3.js (58)
[1020/113747.749:INFO:CONSOLE(58)] "Uncaught TypeError: Cannot read property 'length' of undefined", source: file:///C:/ProgramData/Flexsim/FlexSim23.2/flexsimweb/bard3.js (58)
[1020/113747.755:INFO:CONSOLE(58)] "Uncaught TypeError: Cannot read property 'length' of undefined", source: file:///C:/ProgramData/Flexsim/FlexSim23.2/flexsimweb/bard3.js (58)
[1020/113747.756:INFO:CONSOLE(58)] "Uncaught TypeError: Cannot read property 'length' of undefined", source: file:///C:/ProgramData/Flexsim/FlexSim23.2/flexsimweb/bard3.js (58)
[1020/113747.761:INFO:CONSOLE(58)] "Uncaught TypeError: Cannot read property 'length' of undefined", source: file:///C:/ProgramData/Flexsim/FlexSim23.2/flexsimweb/bard3.js (58)
[1020/113747.767:INFO:CONSOLE(58)] "Uncaught TypeError: Cannot read property 'length' of undefined", source: file:///C:/ProgramData/Flexsim/FlexSim23.2/flexsimweb/bard3.js (58)
[1020/113747.772:INFO:CONSOLE(58)] "Uncaught TypeError: Cannot read property 'length' of undefined", source: file:///C:/ProgramData/Flexsim/FlexSim23.2/flexsimweb/bard3.js (58)
[1020/113747.777:INFO:CONSOLE(58)] "Uncaught TypeError: Cannot read property 'length' of undefined", source: file:///C:/ProgramData/Flexsim/FlexSim23.2/flexsimweb/bard3.js (58)
[1020/113747.782:INFO:CONSOLE(58)] "Uncaught TypeError: Cannot read property 'length' of undefined", source: file:///C:/ProgramData/Flexsim/FlexSim23.2/flexsimweb/bard3.js (58)
[1020/113747.786:INFO:CONSOLE(58)] "Uncaught TypeError: Cannot read property 'length' of undefined", source: file:///C:/ProgramData/Flexsim/FlexSim23.2/flexsimweb/bard3.js (58)
[1020/113747.792:INFO:CONSOLE(58)] "Uncaught TypeError: Cannot read property 'length' of undefined", source: file:///C:/ProgramData/Flexsim/FlexSim23.2/flexsimweb/bard3.js (58)
[1020/113747.796:INFO:CONSOLE(58)] "Uncaught TypeError: Cannot read property 'length' of undefined", source: file:///C:/ProgramData/Flexsim/FlexSim23.2/flexsimweb/bard3.js (58)
[1020/113747.802:INFO:CONSOLE(58)] "Uncaught TypeError: Cannot read property 'length' of undefined", source: file:///C:/ProgramData/Flexsim/FlexSim23.2/flexsimweb/bard3.js (58)
[1020/113747.805:INFO:CONSOLE(58)] "Uncaught TypeError: Cannot read property 'length' of undefined", source: file:///C:/ProgramData/Flexsim/FlexSim23.2/flexsimweb/bard3.js (58)
[1020/113747.812:INFO:CONSOLE(58)] "Uncaught TypeError: Cannot read property 'length' of undefined", source: file:///C:/ProgramData/Flexsim/FlexSim23.2/flexsimweb/bard3.js (58)
[1020/113747.816:INFO:CONSOLE(58)] "Uncaught TypeError: Cannot read property 'length' of undefined", source: file:///C:/ProgramData/Flexsim/FlexSim23.2/flexsimweb/bard3.js (58)
[1020/113747.821:INFO:CONSOLE(58)] "Uncaught TypeError: Cannot read property 'length' of undefined", source: file:///C:/ProgramData/Flexsim/FlexSim23.2/flexsimweb/bard3.js (58)
[1020/113747.826:INFO:CONSOLE(58)] "Uncaught TypeError: Cannot read property 'length' of undefined", source: file:///C:/ProgramData/Flexsim/FlexSim23.2/flexsimweb/bard3.js (58)
[1020/113747.831:INFO:CONSOLE(58)] "Uncaught TypeError: Cannot read property 'length' of undefined", source: file:///C:/ProgramData/Flexsim/FlexSim23.2/flexsimweb/bard3.js (58)
[1020/113747.835:INFO:CONSOLE(58)] "Uncaught TypeError: Cannot read property 'length' of undefined", source: file:///C:/ProgramData/Flexsim/FlexSim23.2/flexsimweb/bard3.js (58)
[1020/113747.839:INFO:CONSOLE(58)] "Uncaught TypeError: Cannot read property 'length' of undefined", source: file:///C:/ProgramData/Flexsim/FlexSim23.2/flexsimweb/bard3.js (58)
[1020/113747.843:INFO:CONSOLE(58)] "Uncaught TypeError: Cannot read property 'length' of undefined", source: file:///C:/ProgramData/Flexsim/FlexSim23.2/flexsimweb/bard3.js (58)
[1020/113747.847:INFO:CONSOLE(58)] "Uncaught TypeError: Cannot read property 'length' of undefined", source: file:///C:/ProgramData/Flexsim/FlexSim23.2/flexsimweb/bard3.js (58)
[1020/113747.851:INFO:CONSOLE(58)] "Uncaught TypeError: Cannot read property 'length' of undefined", source: file:///C:/ProgramData/Flexsim/FlexSim23.2/flexsimweb/bard3.js (58)
[1020/113747.864:INFO:CONSOLE(58)] "Uncaught TypeError: Cannot read property 'length' of undefined", source: file:///C:/ProgramData/Flexsim/FlexSim23.2/flexsimweb/bard3.js (58)
[1020/113747.873:INFO:CONSOLE(58)] "Uncaught TypeError: Cannot read property 'length' of undefined", source: file:///C:/ProgramData/Flexsim/FlexSim23.2/flexsimweb/bard3.js (58)
[1020/113747.874:INFO:CONSOLE(58)] "Uncaught TypeError: Cannot read property 'length' of undefined", source: file:///C:/ProgramData/Flexsim/FlexSim23.2/flexsimweb/bard3.js (58)
[1020/113747.891:INFO:CONSOLE(58)] "Uncaught TypeError: Cannot read property 'length' of undefined", source: file:///C:/ProgramData/Flexsim/FlexSim23.2/flexsimweb/bard3.js (58)
[1020/113747.895:INFO:CONSOLE(58)] "Uncaught TypeError: Cannot read property 'length' of undefined", source: file:///C:/ProgramData/Flexsim/FlexSim23.2/flexsimweb/bard3.js (58)
[1020/113747.901:INFO:CONSOLE(58)] "Uncaught TypeError: Cannot read property 'length' of undefined", source: file:///C:/ProgramData/Flexsim/FlexSim23.2/flexsimweb/bard3.js (58)
[1020/113747.906:INFO:CONSOLE(58)] "Uncaught TypeError: Cannot read property 'length' of undefined", source: file:///C:/ProgramData/Flexsim/FlexSim23.2/flexsimweb/bard3.js (58)
[1020/113747.911:INFO:CONSOLE(58)] "Uncaught TypeError: Cannot read property 'length' of undefined", source: file:///C:/ProgramData/Flexsim/FlexSim23.2/flexsimweb/bard3.js (58)
[1020/113747.915:INFO:CONSOLE(58)] "Uncaught TypeError: Cannot read property 'length' of undefined", source: file:///C:/ProgramData/Flexsim/FlexSim23.2/flexsimweb/bard3.js (58)
[1020/113747.919:INFO:CONSOLE(58)] "Uncaught TypeError: Cannot read property 'length' of undefined", source: file:///C:/ProgramData/Flexsim/FlexSim23.2/flexsimweb/bard3.js (58)
[1020/113747.928:INFO:CONSOLE(58)] "Uncaught TypeError: Cannot read property 'length' of undefined", source: file:///C:/ProgramData/Flexsim/FlexSim23.2/flexsimweb/bard3.js (58)
[1020/113747.932:INFO:CONSOLE(58)] "Uncaught TypeError: Cannot read property 'length' of undefined", source: file:///C:/ProgramData/Flexsim/FlexSim23.2/flexsimweb/bard3.js (58)
[1020/113747.938:INFO:CONSOLE(58)] "Uncaught TypeError: Cannot read property 'length' of undefined", source: file:///C:/ProgramData/Flexsim/FlexSim23.2/flexsimweb/bard3.js (58)
[1020/113747.943:INFO:CONSOLE(58)] "Uncaught TypeError: Cannot read property 'length' of undefined", source: file:///C:/ProgramData/Flexsim/FlexSim23.2/flexsimweb/bard3.js (58)
[1020/113747.948:INFO:CONSOLE(58)] "Uncaught TypeError: Cannot read property 'length' of undefined", source: file:///C:/ProgramData/Flexsim/FlexSim23.2/flexsimweb/bard3.js (58)
[1020/113747.957:INFO:CONSOLE(58)] "Uncaught TypeError: Cannot read property 'length' of undefined", source: file:///C:/ProgramData/Flexsim/FlexSim23.2/flexsimweb/bard3.js (58)
[1020/113747.963:INFO:CONSOLE(58)] "Uncaught TypeError: Cannot read property 'length' of undefined", source: file:///C:/ProgramData/Flexsim/FlexSim23.2/flexsimweb/bard3.js (58)
[1020/113747.967:INFO:CONSOLE(58)] "Uncaught TypeError: Cannot read property 'length' of undefined", source: file:///C:/ProgramData/Flexsim/FlexSim23.2/flexsimweb/bard3.js (58)
[1020/113747.971:INFO:CONSOLE(58)] "Uncaught TypeError: Cannot read property 'length' of undefined", source: file:///C:/ProgramData/Flexsim/FlexSim23.2/flexsimweb/bard3.js (58)
[1020/113747.976:INFO:CONSOLE(58)] "Uncaught TypeError: Cannot read property 'length' of undefined", source: file:///C:/ProgramData/Flexsim/FlexSim23.2/flexsimweb/bard3.js (58)
[1020/113747.980:INFO:CONSOLE(58)] "Uncaught TypeError: Cannot read property 'length' of undefined", source: file:///C:/ProgramData/Flexsim/FlexSim23.2/flexsimweb/bard3.js (58)
[1020/113747.987:INFO:CONSOLE(58)] "Uncaught TypeError: Cannot read property 'length' of undefined", source: file:///C:/ProgramData/Flexsim/FlexSim23.2/flexsimweb/bard3.js (58)
[1020/113747.988:INFO:CONSOLE(58)] "Uncaught TypeError: Cannot read property 'length' of undefined", source: file:///C:/ProgramData/Flexsim/FlexSim23.2/flexsimweb/bard3.js (58)
[1020/113747.993:INFO:CONSOLE(58)] "Uncaught TypeError: Cannot read property 'length' of undefined", source: file:///C:/ProgramData/Flexsim/FlexSim23.2/flexsimweb/bard3.js (58)
[1020/113748.005:INFO:CONSOLE(58)] "Uncaught TypeError: Cannot read property 'length' of undefined", source: file:///C:/ProgramData/Flexsim/FlexSim23.2/flexsimweb/bard3.js (58)
[1020/113748.007:INFO:CONSOLE(58)] "Uncaught TypeError: Cannot read property 'length' of undefined", source: file:///C:/ProgramData/Flexsim/FlexSim23.2/flexsimweb/bard3.js (58)
[1020/113748.015:INFO:CONSOLE(58)] "Uncaught TypeError: Cannot read property 'length' of undefined", source: file:///C:/ProgramData/Flexsim/FlexSim23.2/flexsimweb/bard3.js (58)
[1020/113748.019:INFO:CONSOLE(58)] "Uncaught TypeError: Cannot read property 'length' of undefined", source: file:///C:/ProgramData/Flexsim/FlexSim23.2/flexsimweb/bard3.js (58)
[1020/113748.024:INFO:CONSOLE(58)] "Uncaught TypeError: Cannot read property 'length' of undefined", source: file:///C:/ProgramData/Flexsim/FlexSim23.2/flexsimweb/bard3.js (58)
[1020/113748.030:INFO:CONSOLE(58)] "Uncaught TypeError: Cannot read property 'length' of undefined", source: file:///C:/ProgramData/Flexsim/FlexSim23.2/flexsimweb/bard3.js (58)
[1020/113748.034:INFO:CONSOLE(58)] "Uncaught TypeError: Cannot read property 'length' of undefined", source: file:///C:/ProgramData/Flexsim/FlexSim23.2/flexsimweb/bard3.js (58)
[1020/113748.038:INFO:CONSOLE(58)] "Uncaught TypeError: Cannot read property 'length' of undefined", source: file:///C:/ProgramData/Flexsim/FlexSim23.2/flexsimweb/bard3.js (58)
[1020/113748.043:INFO:CONSOLE(58)] "Uncaught TypeError: Cannot read property 'length' of undefined", source: file:///C:/ProgramData/Flexsim/FlexSim23.2/flexsimweb/bard3.js (58)
[1020/113748.047:INFO:CONSOLE(58)] "Uncaught TypeError: Cannot read property 'length' of undefined", source: file:///C:/ProgramData/Flexsim/FlexSim23.2/flexsimweb/bard3.js (58)
[1020/113748.055:INFO:CONSOLE(58)] "Uncaught TypeError: Cannot read property 'length' of undefined", source: file:///C:/ProgramData/Flexsim/FlexSim23.2/flexsimweb/bard3.js (58)
[1020/113748.060:INFO:CONSOLE(58)] "Uncaught TypeError: Cannot read property 'length' of undefined", source: file:///C:/ProgramData/Flexsim/FlexSim23.2/flexsimweb/bard3.js (58)
[1020/113748.065:INFO:CONSOLE(58)] "Uncaught TypeError: Cannot read property 'length' of undefined", source: file:///C:/ProgramData/Flexsim/FlexSim23.2/flexsimweb/bard3.js (58)
[1020/113748.069:INFO:CONSOLE(58)] "Uncaught TypeError: Cannot read property 'length' of undefined", source: file:///C:/ProgramData/Flexsim/FlexSim23.2/flexsimweb/bard3.js (58)
[1020/113748.077:INFO:CONSOLE(58)] "Uncaught TypeError: Cannot read property 'length' of undefined", source: file:///C:/ProgramData/Flexsim/FlexSim23.2/flexsimweb/bard3.js (58)
[1020/113748.085:INFO:CONSOLE(58)] "Uncaught TypeError: Cannot read property 'length' of undefined", source: file:///C:/ProgramData/Flexsim/FlexSim23.2/flexsimweb/bard3.js (58)
[1020/113748.088:INFO:CONSOLE(58)] "Uncaught TypeError: Cannot read property 'length' of undefined", source: file:///C:/ProgramData/Flexsim/FlexSim23.2/flexsimweb/bard3.js (58)
[1020/113748.101:INFO:CONSOLE(58)] "Uncaught TypeError: Cannot read property 'length' of undefined", source: file:///C:/ProgramData/Flexsim/FlexSim23.2/flexsimweb/bard3.js (58)
[1020/113748.115:INFO:CONSOLE(58)] "Uncaught TypeError: Cannot read property 'length' of undefined", source: file:///C:/ProgramData/Flexsim/FlexSim23.2/flexsimweb/bard3.js (58)
[1020/113748.119:INFO:CONSOLE(58)] "Uncaught TypeError: Cannot read property 'length' of undefined", source: file:///C:/ProgramData/Flexsim/FlexSim23.2/flexsimweb/bard3.js (58)
[1020/113748.126:INFO:CONSOLE(58)] "Uncaught TypeError: Cannot read property 'length' of undefined", source: file:///C:/ProgramData/Flexsim/FlexSim23.2/flexsimweb/bard3.js (58)
[1020/113748.131:INFO:CONSOLE(58)] "Uncaught TypeError: Cannot read property 'length' of undefined", source: file:///C:/ProgramData/Flexsim/FlexSim23.2/flexsimweb/bard3.js (58)
[1020/113748.136:INFO:CONSOLE(58)] "Uncaught TypeError: Cannot read property 'length' of undefined", source: file:///C:/ProgramData/Flexsim/FlexSim23.2/flexsimweb/bard3.js (58)
[1020/113748.141:INFO:CONSOLE(58)] "Uncaught TypeError: Cannot read property 'length' of undefined", source: file:///C:/ProgramData/Flexsim/FlexSim23.2/flexsimweb/bard3.js (58)
[1020/113748.146:INFO:CONSOLE(58)] "Uncaught TypeError: Cannot read property 'length' of undefined", source: file:///C:/ProgramData/Flexsim/FlexSim23.2/flexsimweb/bard3.js (58)
[1020/113748.150:INFO:CONSOLE(58)] "Uncaught TypeError: Cannot read property 'length' of undefined", source: file:///C:/ProgramData/Flexsim/FlexSim23.2/flexsimweb/bard3.js (58)
[1020/113748.154:INFO:CONSOLE(58)] "Uncaught TypeError: Cannot read property 'length' of undefined", source: file:///C:/ProgramData/Flexsim/FlexSim23.2/flexsimweb/bard3.js (58)
[1020/113748.167:INFO:CONSOLE(58)] "Uncaught TypeError: Cannot read property 'length' of undefined", source: file:///C:/ProgramData/Flexsim/FlexSim23.2/flexsimweb/bard3.js (58)
[1020/113748.172:INFO:CONSOLE(58)] "Uncaught TypeError: Cannot read property 'length' of undefined", source: file:///C:/ProgramData/Flexsim/FlexSim23.2/flexsimweb/bard3.js (58)
[1020/113748.180:INFO:CONSOLE(58)] "Uncaught TypeError: Cannot read property 'length' of undefined", source: file:///C:/ProgramData/Flexsim/FlexSim23.2/flexsimweb/bard3.js (58)
[1020/113748.184:INFO:CONSOLE(58)] "Uncaught TypeError: Cannot read property 'length' of undefined", source: file:///C:/ProgramData/Flexsim/FlexSim23.2/flexsimweb/bard3.js (58)
[1020/113748.192:INFO:CONSOLE(58)] "Uncaught TypeError: Cannot read property 'length' of undefined", source: file:///C:/ProgramData/Flexsim/FlexSim23.2/flexsimweb/bard3.js (58)
[1020/113748.197:INFO:CONSOLE(58)] "Uncaught TypeError: Cannot read property 'length' of undefined", source: file:///C:/ProgramData/Flexsim/FlexSim23.2/flexsimweb/bard3.js (58)
[1020/113748.201:INFO:CONSOLE(58)] "Uncaught TypeError: Cannot read property 'length' of undefined", source: file:///C:/ProgramData/Flexsim/FlexSim23.2/flexsimweb/bard3.js (58)
[1020/113748.208:INFO:CONSOLE(58)] "Uncaught TypeError: Cannot read property 'length' of undefined", source: file:///C:/ProgramData/Flexsim/FlexSim23.2/flexsimweb/bard3.js (58)
[1020/113748.215:INFO:CONSOLE(58)] "Uncaught TypeError: Cannot read property 'length' of undefined", source: file:///C:/ProgramData/Flexsim/FlexSim23.2/flexsimweb/bard3.js (58)
[1020/113748.223:INFO:CONSOLE(58)] "Uncaught TypeError: Cannot read property 'length' of undefined", source: file:///C:/ProgramData/Flexsim/FlexSim23.2/flexsimweb/bard3.js (58)
[1020/113748.230:INFO:CONSOLE(58)] "Uncaught TypeError: Cannot read property 'length' of undefined", source: file:///C:/ProgramData/Flexsim/FlexSim23.2/flexsimweb/bard3.js (58)
[1020/113748.255:INFO:CONSOLE(58)] "Uncaught TypeError: Cannot read property 'length' of undefined", source: file:///C:/ProgramData/Flexsim/FlexSim23.2/flexsimweb/bard3.js (58)
[1020/113748.258:INFO:CONSOLE(58)] "Uncaught TypeError: Cannot read property 'length' of undefined", source: file:///C:/ProgramData/Flexsim/FlexSim23.2/flexsimweb/bard3.js (58)
[1020/113748.581:INFO:CONSOLE(58)] "Uncaught TypeError: Cannot read property 'length' of undefined", source: file:///C:/ProgramData/Flexsim/FlexSim23.2/flexsimweb/bard3.js (58)
[1020/113748.592:INFO:CONSOLE(58)] "Uncaught TypeError: Cannot read property 'length' of undefined", source: file:///C:/ProgramData/Flexsim/FlexSim23.2/flexsimweb/bard3.js (58)
[1020/113748.600:INFO:CONSOLE(58)] "Uncaught TypeError: Cannot read property 'length' of undefined", source: file:///C:/ProgramData/Flexsim/FlexSim23.2/flexsimweb/bard3.js (58)
[1020/113748.605:INFO:CONSOLE(58)] "Uncaught TypeError: Cannot read property 'length' of undefined", source: file:///C:/ProgramData/Flexsim/FlexSim23.2/flexsimweb/bard3.js (58)
[1020/113748.622:INFO:CONSOLE(58)] "Uncaught TypeError: Cannot read property 'length' of undefined", source: file:///C:/ProgramData/Flexsim/FlexSim23.2/flexsimweb/bard3.js (58)
[1020/113748.638:INFO:CONSOLE(58)] "Uncaught TypeError: Cannot read property 'length' of undefined", source: file:///C:/ProgramData/Flexsim/FlexSim23.2/flexsimweb/bard3.js (58)
[1020/113757.609:INFO:CONSOLE(58)] "Uncaught TypeError: Cannot read property 'length' of undefined", source: file:///C:/ProgramData/Flexsim/FlexSim23.2/flexsimweb/bard3.js (58)
[1020/113757.642:INFO:CONSOLE(58)] "Uncaught TypeError: Cannot read property 'length' of undefined", source: file:///C:/ProgramData/Flexsim/FlexSim23.2/flexsimweb/bard3.js (58)
[1020/113757.652:INFO:CONSOLE(58)] "Uncaught TypeError: Cannot read property 'length' of undefined", source: file:///C:/ProgramData/Flexsim/FlexSim23.2/flexsimweb/bard3.js (58)
[1020/113757.656:INFO:CONSOLE(58)] "Uncaught TypeError: Cannot read property 'length' of undefined", source: file:///C:/ProgramData/Flexsim/FlexSim23.2/flexsimweb/bard3.js (58)
[1020/113757.661:INFO:CONSOLE(58)] "Uncaught TypeError: Cannot read property 'length' of undefined", source: file:///C:/ProgramData/Flexsim/FlexSim23.2/flexsimweb/bard3.js (58)
[1020/113757.665:INFO:CONSOLE(58)] "Uncaught TypeError: Cannot read property 'length' of undefined", source: file:///C:/ProgramData/Flexsim/FlexSim23.2/flexsimweb/bard3.js (58)
[1020/113757.669:INFO:CONSOLE(58)] "Uncaught TypeError: Cannot read property 'length' of undefined", source: file:///C:/ProgramData/Flexsim/FlexSim23.2/flexsimweb/bard3.js (58)
[1020/113757.672:INFO:CONSOLE(58)] "Uncaught TypeError: Cannot read property 'length' of undefined", source: file:///C:/ProgramData/Flexsim/FlexSim23.2/flexsimweb/bard3.js (58)
[1020/113757.677:INFO:CONSOLE(58)] "Uncaught TypeError: Cannot read property 'length' of undefined", source: file:///C:/ProgramData/Flexsim/FlexSim23.2/flexsimweb/bard3.js (58)
[1020/113757.681:INFO:CONSOLE(58)] "Uncaught TypeError: Cannot read property 'length' of undefined", source: file:///C:/ProgramData/Flexsim/FlexSim23.2/flexsimweb/bard3.js (58)
[1020/113757.686:INFO:CONSOLE(58)] "Uncaught TypeError: Cannot read property 'length' of undefined", source: file:///C:/ProgramData/Flexsim/FlexSim23.2/flexsimweb/bard3.js (58)
[1020/113757.690:INFO:CONSOLE(58)] "Uncaught TypeError: Cannot read property 'length' of undefined", source: file:///C:/ProgramData/Flexsim/FlexSim23.2/flexsimweb/bard3.js (58)
[1020/113757.694:INFO:CONSOLE(58)] "Uncaught TypeError: Cannot read property 'length' of undefined", source: file:///C:/ProgramData/Flexsim/FlexSim23.2/flexsimweb/bard3.js (58)
[1020/113757.702:INFO:CONSOLE(58)] "Uncaught TypeError: Cannot read property 'length' of undefined", source: file:///C:/ProgramData/Flexsim/FlexSim23.2/flexsimweb/bard3.js (58)
[1020/113757.706:INFO:CONSOLE(58)] "Uncaught TypeError: Cannot read property 'length' of undefined", source: file:///C:/ProgramData/Flexsim/FlexSim23.2/flexsimweb/bard3.js (58)
[1020/113757.711:INFO:CONSOLE(58)] "Uncaught TypeError: Cannot read property 'length' of undefined", source: file:///C:/ProgramData/Flexsim/FlexSim23.2/flexsimweb/bard3.js (58)
[1020/113757.715:INFO:CONSOLE(58)] "Uncaught TypeError: Cannot read property 'length' of undefined", source: file:///C:/ProgramData/Flexsim/FlexSim23.2/flexsimweb/bard3.js (58)
[1020/113757.719:INFO:CONSOLE(58)] "Uncaught TypeError: Cannot read property 'length' of undefined", source: file:///C:/ProgramData/Flexsim/FlexSim23.2/flexsimweb/bard3.js (58)
[1020/113757.721:INFO:CONSOLE(58)] "Uncaught TypeError: Cannot read property 'length' of undefined", source: file:///C:/ProgramData/Flexsim/FlexSim23.2/flexsimweb/bard3.js (58)
[1020/113757.729:INFO:CONSOLE(58)] "Uncaught TypeError: Cannot read property 'length' of undefined", source: file:///C:/ProgramData/Flexsim/FlexSim23.2/flexsimweb/bard3.js (58)
[1020/113757.761:INFO:CONSOLE(58)] "Uncaught TypeError: Cannot read property 'length' of undefined", source: file:///C:/ProgramData/Flexsim/FlexSim23.2/flexsimweb/bard3.js (58)
[1020/113757.765:INFO:CONSOLE(58)] "Uncaught TypeError: Cannot read property 'length' of undefined", source: file:///C:/ProgramData/Flexsim/FlexSim23.2/flexsimweb/bard3.js (58)
[1020/113757.769:INFO:CONSOLE(58)] "Uncaught TypeError: Cannot read property 'length' of undefined", source: file:///C:/ProgramData/Flexsim/FlexSim23.2/flexsimweb/bard3.js (58)
[1020/113757.775:INFO:CONSOLE(58)] "Uncaught TypeError: Cannot read property 'length' of undefined", source: file:///C:/ProgramData/Flexsim/FlexSim23.2/flexsimweb/bard3.js (58)
[1020/113757.789:INFO:CONSOLE(58)] "Uncaught TypeError: Cannot read property 'length' of undefined", source: file:///C:/ProgramData/Flexsim/FlexSim23.2/flexsimweb/bard3.js (58)
[1020/113757.793:INFO:CONSOLE(58)] "Uncaught TypeError: Cannot read property 'length' of undefined", source: file:///C:/ProgramData/Flexsim/FlexSim23.2/flexsimweb/bard3.js (58)
[1020/113757.800:INFO:CONSOLE(58)] "Uncaught TypeError: Cannot read property 'length' of undefined", source: file:///C:/ProgramData/Flexsim/FlexSim23.2/flexsimweb/bard3.js (58)
[1020/113757.806:INFO:CONSOLE(58)] "Uncaught TypeError: Cannot read property 'length' of undefined", source: file:///C:/ProgramData/Flexsim/FlexSim23.2/flexsimweb/bard3.js (58)
[1020/113757.812:INFO:CONSOLE(58)] "Uncaught TypeError: Cannot read property 'length' of undefined", source: file:///C:/ProgramData/Flexsim/FlexSim23.2/flexsimweb/bard3.js (58)
[1020/113757.820:INFO:CONSOLE(58)] "Uncaught TypeError: Cannot read property 'length' of undefined", source: file:///C:/ProgramData/Flexsim/FlexSim23.2/flexsimweb/bard3.js (58)
[1020/113757.827:INFO:CONSOLE(58)] "Uncaught TypeError: Cannot read property 'length' of undefined", source: file:///C:/ProgramData/Flexsim/FlexSim23.2/flexsimweb/bard3.js (58)
[1020/113757.831:INFO:CONSOLE(58)] "Uncaught TypeError: Cannot read property 'length' of undefined", source: file:///C:/ProgramData/Flexsim/FlexSim23.2/flexsimweb/bard3.js (58)
[1020/113757.834:INFO:CONSOLE(58)] "Uncaught TypeError: Cannot read property 'length' of undefined", source: file:///C:/ProgramData/Flexsim/FlexSim23.2/flexsimweb/bard3.js (58)
[1020/113757.839:INFO:CONSOLE(58)] "Uncaught TypeError: Cannot read property 'length' of undefined", source: file:///C:/ProgramData/Flexsim/FlexSim23.2/flexsimweb/bard3.js (58)
[1020/113757.844:INFO:CONSOLE(58)] "Uncaught TypeError: Cannot read property 'length' of undefined", source: file:///C:/ProgramData/Flexsim/FlexSim23.2/flexsimweb/bard3.js (58)
[1020/113757.849:INFO:CONSOLE(58)] "Uncaught TypeError: Cannot read property 'length' of undefined", source: file:///C:/ProgramData/Flexsim/FlexSim23.2/flexsimweb/bard3.js (58)
[1020/113757.858:INFO:CONSOLE(58)] "Uncaught TypeError: Cannot read property 'length' of undefined", source: file:///C:/ProgramData/Flexsim/FlexSim23.2/flexsimweb/bard3.js (58)
[1020/113757.867:INFO:CONSOLE(58)] "Uncaught TypeError: Cannot read property 'length' of undefined", source: file:///C:/ProgramData/Flexsim/FlexSim23.2/flexsimweb/bard3.js (58)
[1020/113757.880:INFO:CONSOLE(58)] "Uncaught TypeError: Cannot read property 'length' of undefined", source: file:///C:/ProgramData/Flexsim/FlexSim23.2/flexsimweb/bard3.js (58)
[1020/113757.893:INFO:CONSOLE(58)] "Uncaught TypeError: Cannot read property 'length' of undefined", source: file:///C:/ProgramData/Flexsim/FlexSim23.2/flexsimweb/bard3.js (58)
[1020/113757.912:INFO:CONSOLE(58)] "Uncaught TypeError: Cannot read property 'length' of undefined", source: file:///C:/ProgramData/Flexsim/FlexSim23.2/flexsimweb/bard3.js (58)
[1020/113757.916:INFO:CONSOLE(58)] "Uncaught TypeError: Cannot read property 'length' of undefined", source: file:///C:/ProgramData/Flexsim/FlexSim23.2/flexsimweb/bard3.js (58)
[1020/113757.928:INFO:CONSOLE(58)] "Uncaught TypeError: Cannot read property 'length' of undefined", source: file:///C:/ProgramData/Flexsim/FlexSim23.2/flexsimweb/bard3.js (58)
[1020/113757.941:INFO:CONSOLE(58)] "Uncaught TypeError: Cannot read property 'length' of undefined", source: file:///C:/ProgramData/Flexsim/FlexSim23.2/flexsimweb/bard3.js (58)
[1020/113758.002:INFO:CONSOLE(58)] "Uncaught TypeError: Cannot read property 'length' of undefined", source: file:///C:/ProgramData/Flexsim/FlexSim23.2/flexsimweb/bard3.js (58)
[1020/113758.007:INFO:CONSOLE(58)] "Uncaught TypeError: Cannot read property 'length' of undefined", source: file:///C:/ProgramData/Flexsim/FlexSim23.2/flexsimweb/bard3.js (58)
[1020/113758.010:INFO:CONSOLE(58)] "Uncaught TypeError: Cannot read property 'length' of undefined", source: file:///C:/ProgramData/Flexsim/FlexSim23.2/flexsimweb/bard3.js (58)
[1020/113758.036:INFO:CONSOLE(58)] "Uncaught TypeError: Cannot read property 'length' of undefined", source: file:///C:/ProgramData/Flexsim/FlexSim23.2/flexsimweb/bard3.js (58)
[1020/114037.653:INFO:CONSOLE(58)] "Uncaught TypeError: Cannot read property 'length' of undefined", source: file:///C:/ProgramData/Flexsim/FlexSim23.2/flexsimweb/bard3.js (58)
[1020/114037.653:ERROR:gl_utils.cc(316)] [.RendererMainThread-0000025691AC76E0] GL_INVALID_OPERATION: Framebuffer is incomplete.
[1020/114037.653:ERROR:gl_utils.cc(316)] [.RendererMainThread-0000025691AC76E0] GL_INVALID_OPERATION: Framebuffer is incomplete.
[1020/114037.657:ERROR:gl_utils.cc(316)] [.RendererMainThread-0000025691AC76E0] GL_INVALID_FRAMEBUFFER_OPERATION: Draw framebuffer is incomplete
[1020/114405.217:ERROR:gl_utils.cc(316)] [.RendererMainThread-000002B893BAF7F0] GL_INVALID_OPERATION: Framebuffer is incomplete.
[1020/114405.218:ERROR:gl_utils.cc(316)] [.RendererMainThread-000002B893BAF7F0] GL_INVALID_OPERATION: Framebuffer is incomplete.
[1020/114405.222:ERROR:gl_utils.cc(316)] [.RendererMainThread-000002B893BAF7F0] GL_INVALID_FRAMEBUFFER_OPERATION: Draw framebuffer is incomplete
[1020/114430.302:ERROR:gl_utils.cc(316)] [.RendererMainThread-0000025BAED52570] GL_INVALID_OPERATION: Framebuffer is incomplete.
[1020/114430.302:ERROR:gl_utils.cc(316)] [.RendererMainThread-0000025BAED52570] GL_INVALID_OPERATION: Framebuffer is incomplete.
[1020/114430.305:ERROR:gl_utils.cc(316)] [.RendererMainThread-0000025BAED52570] GL_INVALID_FRAMEBUFFER_OPERATION: Draw framebuffer is incomplete
[1020/114722.491:ERROR:gl_utils.cc(316)] [.RendererMainThread-000001E738AA7500] GL_INVALID_OPERATION: Framebuffer is incomplete.
[1020/114722.491:ERROR:gl_utils.cc(316)] [.RendererMainThread-000001E738AA7500] GL_INVALID_OPERATION: Framebuffer is incomplete.
[1020/114722.495:ERROR:gl_utils.cc(316)] [.RendererMainThread-000001E738AA7500] GL_INVALID_FRAMEBUFFER_OPERATION: Draw framebuffer is incomplete
[1020/114757.229:ERROR:gl_utils.cc(316)] [.RendererMainThread-000001B4E03486A0] GL_INVALID_OPERATION: Framebuffer is incomplete.
[1020/114757.229:ERROR:gl_utils.cc(316)] [.RendererMainThread-000001B4E03486A0] GL_INVALID_OPERATION: Framebuffer is incomplete.
[1020/114757.232:ERROR:gl_utils.cc(316)] [.RendererMainThread-000001B4E03486A0] GL_INVALID_FRAMEBUFFER_OPERATION: Draw framebuffer is incomplete
[1020/115502.317:INFO:CONSOLE(1)] "Uncaught TypeError: Cannot read property 'apply' of undefined", source: v8/flexsim (1)
[1020/115502.317:INFO:CONSOLE(1)] "Uncaught TypeError: Cannot read property 'apply' of undefined", source: v8/flexsim (1)
[1020/115523.763:INFO:CONSOLE(1)] "Uncaught TypeError: Cannot read property 'apply' of undefined", source: v8/flexsim (1)
[1020/115523.763:INFO:CONSOLE(1)] "Uncaught TypeError: Cannot read property 'apply' of undefined", source: v8/flexsim (1)
[1020/115526.419:INFO:CONSOLE(1)] "Uncaught TypeError: Cannot read property 'apply' of undefined", source: v8/flexsim (1)
[1020/115526.419:INFO:CONSOLE(1)] "Uncaught TypeError: Cannot read property 'apply' of undefined", source: v8/flexsim (1)
[1020/115533.996:ERROR:cache_util_win.cc(21)] Unable to move the cache: Acceso denegado. (0x5)
[1020/115533.996:ERROR:cache_util.cc(139)] Unable to move cache folder C:/ProgramData/Flexsim/FlexSim23.2//cef\GPUCache to C:/ProgramData/Flexsim/FlexSim23.2//cef\old_GPUCache_000
[1020/115533.996:ERROR:disk_cache.cc(184)] Unable to create cache
[1020/115533.996:ERROR:shader_disk_cache.cc(606)] Shader Cache Creation failed: -2
[1020/115534.576:INFO:CONSOLE(1)] "Uncaught TypeError: Cannot read property 'apply' of undefined", source: v8/flexsim (1)
[1020/115534.576:INFO:CONSOLE(1)] "Uncaught TypeError: Cannot read property 'apply' of undefined", source: v8/flexsim (1)
[1020/115534.579:INFO:CONSOLE(1)] "Uncaught TypeError: Cannot read property 'apply' of undefined", source: v8/flexsim (1)
[1020/115534.580:INFO:CONSOLE(1)] "Uncaught TypeError: Cannot read property 'apply' of undefined", source: v8/flexsim (1)
[1020/115537.591:WARNING:value_store_frontend.cc(43)] Reading mhjfbmdgcfjbbpaeojofohoefgiehjai.alarms from  failed: IO error: .../LOCK: Access denied. (ChromeMethodBFE: 15::LockFile::5)
[1020/115539.327:INFO:CONSOLE(1)] "Uncaught TypeError: Cannot read property 'apply' of undefined", source: v8/flexsim (1)
[1020/115539.328:INFO:CONSOLE(1)] "Uncaught TypeError: Cannot read property 'apply' of undefined", source: v8/flexsim (1)
[1020/115540.719:INFO:CONSOLE(1)] "Uncaught TypeError: Cannot read property 'apply' of undefined", source: v8/flexsim (1)
[1020/115540.719:INFO:CONSOLE(1)] "Uncaught TypeError: Cannot read property 'apply' of undefined", source: v8/flexsim (1)
[1020/115543.752:INFO:CONSOLE(1)] "Uncaught TypeError: Cannot read property 'apply' of undefined", source: v8/flexsim (1)
[1020/115543.752:INFO:CONSOLE(1)] "Uncaught TypeError: Cannot read property 'apply' of undefined", source: v8/flexsim (1)
[1020/115544.582:INFO:CONSOLE(1)] "Uncaught TypeError: Cannot read property 'apply' of undefined", source: v8/flexsim (1)
[1020/115544.582:INFO:CONSOLE(1)] "Uncaught TypeError: Cannot read property 'apply' of undefined", source: v8/flexsim (1)
[1020/115549.297:INFO:CONSOLE(1)] "Uncaught TypeError: Cannot read property 'apply' of undefined", source: v8/flexsim (1)
[1020/115549.297:INFO:CONSOLE(1)] "Uncaught TypeError: Cannot read property 'apply' of undefined", source: v8/flexsim (1)
[1020/115552.285:INFO:CONSOLE(1)] "Uncaught TypeError: Cannot read property 'apply' of undefined", source: v8/flexsim (1)
[1020/115552.285:INFO:CONSOLE(1)] "Uncaught TypeError: Cannot read property 'apply' of undefined", source: v8/flexsim (1)
[1020/115555.651:INFO:CONSOLE(1)] "Uncaught TypeError: Cannot read property 'apply' of undefined", source: v8/flexsim (1)
[1020/115555.651:INFO:CONSOLE(1)] "Uncaught TypeError: Cannot read property 'apply' of undefined", source: v8/flexsim (1)
[1020/115556.665:INFO:CONSOLE(1)] "Uncaught TypeError: Cannot read property 'apply' of undefined", source: v8/flexsim (1)
[1020/115556.665:INFO:CONSOLE(1)] "Uncaught TypeError: Cannot read property 'apply' of undefined", source: v8/flexsim (1)
[1020/115558.928:INFO:CONSOLE(1)] "Uncaught TypeError: Cannot read property 'apply' of undefined", source: v8/flexsim (1)
[1020/115558.928:INFO:CONSOLE(1)] "Uncaught TypeError: Cannot read property 'apply' of undefined", source: v8/flexsim (1)
[1020/115559.332:INFO:CONSOLE(1)] "Uncaught TypeError: Cannot read property 'apply' of undefined", source: v8/flexsim (1)
[1020/115559.332:INFO:CONSOLE(1)] "Uncaught TypeError: Cannot read property 'apply' of undefined", source: v8/flexsim (1)
[1020/115607.104:INFO:CONSOLE(1)] "Uncaught TypeError: Cannot read property 'apply' of undefined", source: v8/flexsim (1)
[1020/115607.104:INFO:CONSOLE(1)] "Uncaught TypeError: Cannot read property 'apply' of undefined", source: v8/flexsim (1)
[1020/115609.314:INFO:CONSOLE(1)] "Uncaught TypeError: Cannot read property 'apply' of undefined", source: v8/flexsim (1)
[1020/115609.314:INFO:CONSOLE(1)] "Uncaught TypeError: Cannot read property 'apply' of undefined", source: v8/flexsim (1)
[1020/115609.971:INFO:CONSOLE(1)] "Uncaught TypeError: Cannot read property 'apply' of undefined", source: v8/flexsim (1)
[1020/115609.971:INFO:CONSOLE(1)] "Uncaught TypeError: Cannot read property 'apply' of undefined", source: v8/flexsim (1)
[1020/115614.381:INFO:CONSOLE(1)] "Uncaught TypeError: Cannot read property 'apply' of undefined", source: v8/flexsim (1)
[1020/115614.381:INFO:CONSOLE(1)] "Uncaught TypeError: Cannot read property 'apply' of undefined", source: v8/flexsim (1)
[1020/115615.835:INFO:CONSOLE(1)] "Uncaught TypeError: Cannot read property 'apply' of undefined", source: v8/flexsim (1)
[1020/115615.835:INFO:CONSOLE(1)] "Uncaught TypeError: Cannot read property 'apply' of undefined", source: v8/flexsim (1)
[1020/115617.035:INFO:CONSOLE(1)] "Uncaught TypeError: Cannot read property 'apply' of undefined", source: v8/flexsim (1)
[1020/115617.035:INFO:CONSOLE(1)] "Uncaught TypeError: Cannot read property 'apply' of undefined", source: v8/flexsim (1)
[1020/115617.745:INFO:CONSOLE(1)] "Uncaught TypeError: Cannot read property 'apply' of undefined", source: v8/flexsim (1)
[1020/115617.745:INFO:CONSOLE(1)] "Uncaught TypeError: Cannot read property 'apply' of undefined", source: v8/flexsim (1)
[1020/115620.084:INFO:CONSOLE(1)] "Uncaught TypeError: Cannot read property 'apply' of undefined", source: v8/flexsim (1)
[1020/115620.084:INFO:CONSOLE(1)] "Uncaught TypeError: Cannot read property 'apply' of undefined", source: v8/flexsim (1)
[1020/115620.820:INFO:CONSOLE(1)] "Uncaught TypeError: Cannot read property 'apply' of undefined", source: v8/flexsim (1)
[1020/115620.820:INFO:CONSOLE(1)] "Uncaught TypeError: Cannot read property 'apply' of undefined", source: v8/flexsim (1)
[1020/115620.834:INFO:CONSOLE(1)] "Uncaught TypeError: Cannot read property 'apply' of undefined", source: v8/flexsim (1)
[1020/115620.834:INFO:CONSOLE(1)] "Uncaught TypeError: Cannot read property 'apply' of undefined", source: v8/flexsim (1)
[1020/115635.149:ERROR:cache_util_win.cc(21)] Unable to move the cache: Acceso denegado. (0x5)
[1020/115635.149:ERROR:cache_util.cc(139)] Unable to move cache folder C:/ProgramData/Flexsim/FlexSim23.2//cef\GPUCache to C:/ProgramData/Flexsim/FlexSim23.2//cef\old_GPUCache_000
[1020/115635.149:ERROR:disk_cache.cc(184)] Unable to create cache
[1020/115635.149:ERROR:shader_disk_cache.cc(606)] Shader Cache Creation failed: -2
[1020/115635.741:INFO:CONSOLE(1)] "Uncaught TypeError: Cannot read property 'apply' of undefined", source: v8/flexsim (1)
[1020/115635.741:INFO:CONSOLE(1)] "Uncaught TypeError: Cannot read property 'apply' of undefined", source: v8/flexsim (1)
[1020/115635.742:INFO:CONSOLE(1)] "Uncaught TypeError: Cannot read property 'apply' of undefined", source: v8/flexsim (1)
[1020/115635.742:INFO:CONSOLE(1)] "Uncaught TypeError: Cannot read property 'apply' of undefined", source: v8/flexsim (1)
[1020/115637.989:INFO:CONSOLE(1)] "Uncaught TypeError: Cannot read property 'apply' of undefined", source: v8/flexsim (1)
[1020/115638.005:INFO:CONSOLE(1)] "Uncaught TypeError: Cannot read property 'apply' of undefined", source: v8/flexsim (1)
[1020/115638.720:INFO:CONSOLE(1)] "Uncaught TypeError: Cannot read property 'apply' of undefined", source: v8/flexsim (1)
[1020/115638.720:INFO:CONSOLE(1)] "Uncaught TypeError: Cannot read property 'apply' of undefined", source: v8/flexsim (1)
[1020/115638.754:WARNING:value_store_frontend.cc(43)] Reading mhjfbmdgcfjbbpaeojofohoefgiehjai.alarms from  failed: IO error: .../LOCK: Access denied. (ChromeMethodBFE: 15::LockFile::5)
[1020/115741.715:INFO:CONSOLE(1)] "Uncaught TypeError: Cannot read property 'apply' of undefined", source: v8/flexsim (1)
[1020/115741.715:INFO:CONSOLE(1)] "Uncaught TypeError: Cannot read property 'apply' of undefined", source: v8/flexsim (1)
[1020/115748.027:ERROR:cache_util_win.cc(21)] Unable to move the cache: Acceso denegado. (0x5)
[1020/115748.027:ERROR:cache_util.cc(139)] Unable to move cache folder C:/ProgramData/Flexsim/FlexSim23.2//cef\GPUCache to C:/ProgramData/Flexsim/FlexSim23.2//cef\old_GPUCache_000
[1020/115748.027:ERROR:disk_cache.cc(184)] Unable to create cache
[1020/115748.027:ERROR:shader_disk_cache.cc(606)] Shader Cache Creation failed: -2
[1020/115748.606:INFO:CONSOLE(1)] "Uncaught TypeError: Cannot read property 'apply' of undefined", source: v8/flexsim (1)
[1020/115748.610:INFO:CONSOLE(1)] "Uncaught TypeError: Cannot read property 'apply' of undefined", source: v8/flexsim (1)
[1020/115748.654:INFO:CONSOLE(1)] "Uncaught TypeError: Cannot read property 'apply' of undefined", source: v8/flexsim (1)
[1020/115748.654:INFO:CONSOLE(1)] "Uncaught TypeError: Cannot read property 'apply' of undefined", source: v8/flexsim (1)
[1020/115751.616:WARNING:value_store_frontend.cc(43)] Reading mhjfbmdgcfjbbpaeojofohoefgiehjai.alarms from  failed: IO error: .../LOCK: Access denied. (ChromeMethodBFE: 15::LockFile::5)
[1020/115755.245:INFO:CONSOLE(1)] "Uncaught TypeError: Cannot read property 'apply' of undefined", source: v8/flexsim (1)
[1020/115755.261:INFO:CONSOLE(1)] "Uncaught TypeError: Cannot read property 'apply' of undefined", source: v8/flexsim (1)
[1020/115755.705:INFO:CONSOLE(1)] "Uncaught TypeError: Cannot read property 'apply' of undefined", source: v8/flexsim (1)
[1020/115755.705:INFO:CONSOLE(1)] "Uncaught TypeError: Cannot read property 'apply' of undefined", source: v8/flexsim (1)
[1116/115217.526:ERROR:cache_util_win.cc(21)] Unable to move the cache: Acceso denegado. (0x5)
[1116/115217.526:ERROR:cache_util.cc(139)] Unable to move cache folder C:/ProgramData/Flexsim/FlexSim23.2//cef\GPUCache to C:/ProgramData/Flexsim/FlexSim23.2//cef\old_GPUCache_000
[1116/115217.526:ERROR:disk_cache.cc(184)] Unable to create cache
[1116/115217.526:ERROR:shader_disk_cache.cc(606)] Shader Cache Creation failed: -2
[1116/115218.636:INFO:CONSOLE(1)] "Uncaught TypeError: Cannot read property 'apply' of undefined", source: v8/flexsim (1)
[1116/115218.640:INFO:CONSOLE(1)] "Uncaught TypeError: Cannot read property 'apply' of undefined", source: v8/flexsim (1)
[1116/115218.662:INFO:CONSOLE(1)] "Uncaught TypeError: Cannot read property 'apply' of undefined", source: v8/flexsim (1)
[1116/115218.662:INFO:CONSOLE(1)] "Uncaught TypeError: Cannot read property 'apply' of undefined", source: v8/flexsim (1)
[1116/115218.954:INFO:CONSOLE(1)] "Uncaught TypeError: Cannot read property 'apply' of undefined", source: v8/flexsim (1)
[1116/115220.675:INFO:CONSOLE(1)] "Uncaught TypeError: Cannot read property 'apply' of undefined", source: v8/flexsim (1)
[1116/115221.730:WARNING:value_store_frontend.cc(43)] Reading mhjfbmdgcfjbbpaeojofohoefgiehjai.alarms from  failed: IO error: .../LOCK: Access denied. (ChromeMethodBFE: 15::LockFile::5)
[1116/115222.868:INFO:CONSOLE(1)] "Uncaught TypeError: Cannot read property 'apply' of undefined", source: v8/flexsim (1)
[1116/115223.074:INFO:CONSOLE(1)] "Uncaught TypeError: Cannot read property 'apply' of undefined", source: v8/flexsim (1)
[1116/115223.115:INFO:CONSOLE(1)] "Uncaught TypeError: Cannot read property 'apply' of undefined", source: v8/flexsim (1)
[1116/115224.082:INFO:CONSOLE(1)] "Uncaught TypeError: Cannot read property 'apply' of undefined", source: v8/flexsim (1)
[1116/115224.098:INFO:CONSOLE(1)] "Uncaught TypeError: Cannot read property 'apply' of undefined", source: v8/flexsim (1)
[1116/115224.462:INFO:CONSOLE(1)] "Uncaught TypeError: Cannot read property 'apply' of undefined", source: v8/flexsim (1)
[1116/115224.462:INFO:CONSOLE(1)] "Uncaught TypeError: Cannot read property 'apply' of undefined", source: v8/flexsim (1)
[1116/115224.473:INFO:CONSOLE(1)] "Uncaught TypeError: Cannot read property 'apply' of undefined", source: v8/flexsim (1)
[1116/115224.473:INFO:CONSOLE(1)] "Uncaught TypeError: Cannot read property 'apply' of undefined", source: v8/flexsim (1)
