[1024/195433.217:ERROR:cache_util_win.cc(21)] Unable to move the cache: Acceso denegado. (0x5)
[1024/195433.217:ERROR:cache_util.cc(139)] Unable to move cache folder C:/ProgramData/Flexsim/FlexSim23.2//cef\GPUCache to C:/ProgramData/Flexsim/FlexSim23.2//cef\old_GPUCache_000
[1024/195433.217:ERROR:disk_cache.cc(184)] Unable to create cache
[1024/195433.217:ERROR:shader_disk_cache.cc(606)] Shader Cache Creation failed: -2
[1024/195434.521:INFO:CONSOLE(1)] "Uncaught TypeError: Cannot read property 'apply' of undefined", source: v8/flexsim (1)
[1024/195434.521:INFO:CONSOLE(1)] "Uncaught TypeError: Cannot read property 'apply' of undefined", source: v8/flexsim (1)
[1024/195434.521:INFO:CONSOLE(1)] "Uncaught TypeError: Cannot read property 'apply' of undefined", source: v8/flexsim (1)
[1024/195434.532:INFO:CONSOLE(1)] "Uncaught TypeError: Cannot read property 'apply' of undefined", source: v8/flexsim (1)
[1024/195434.532:INFO:CONSOLE(1)] "Uncaught TypeError: Cannot read property 'apply' of undefined", source: v8/flexsim (1)
[1024/195434.535:INFO:CONSOLE(1)] "Uncaught TypeError: Cannot read property 'apply' of undefined", source: v8/flexsim (1)
[1024/195434.577:INFO:CONSOLE(1)] "Uncaught TypeError: Cannot read property 'apply' of undefined", source: v8/flexsim (1)
[1024/195434.578:INFO:CONSOLE(1)] "Uncaught TypeError: Cannot read property 'apply' of undefined", source: v8/flexsim (1)
[1024/195434.581:INFO:CONSOLE(1)] "Uncaught TypeError: Cannot read property 'apply' of undefined", source: v8/flexsim (1)
[1024/195434.583:INFO:CONSOLE(1)] "Uncaught TypeError: Cannot read property 'apply' of undefined", source: v8/flexsim (1)
[1024/195434.586:INFO:CONSOLE(1)] "Uncaught TypeError: Cannot read property 'apply' of undefined", source: v8/flexsim (1)
[1024/195434.588:INFO:CONSOLE(1)] "Uncaught TypeError: Cannot read property 'apply' of undefined", source: v8/flexsim (1)
[1024/195434.589:INFO:CONSOLE(1)] "Uncaught TypeError: Cannot read property 'apply' of undefined", source: v8/flexsim (1)
[1024/195434.591:INFO:CONSOLE(1)] "Uncaught TypeError: Cannot read property 'apply' of undefined", source: v8/flexsim (1)
[1024/195434.594:INFO:CONSOLE(1)] "Uncaught TypeError: Cannot read property 'apply' of undefined", source: v8/flexsim (1)
[1024/195434.596:INFO:CONSOLE(1)] "Uncaught TypeError: Cannot read property 'apply' of undefined", source: v8/flexsim (1)
[1024/195434.598:INFO:CONSOLE(1)] "Uncaught TypeError: Cannot read property 'apply' of undefined", source: v8/flexsim (1)
[1024/195434.600:INFO:CONSOLE(1)] "Uncaught TypeError: Cannot read property 'apply' of undefined", source: v8/flexsim (1)
[1024/195434.601:INFO:CONSOLE(1)] "Uncaught TypeError: Cannot read property 'apply' of undefined", source: v8/flexsim (1)
[1024/195437.540:WARNING:value_store_frontend.cc(43)] Reading mhjfbmdgcfjbbpaeojofohoefgiehjai.alarms from  failed: IO error: .../LOCK: Access denied. (ChromeMethodBFE: 15::LockFile::5)
[1024/195450.034:INFO:CONSOLE(1)] "Uncaught TypeError: Cannot read property 'apply' of undefined", source: v8/flexsim (1)
[1024/195450.034:INFO:CONSOLE(1)] "Uncaught TypeError: Cannot read property 'apply' of undefined", source: v8/flexsim (1)
[1024/195450.034:INFO:CONSOLE(1)] "Uncaught TypeError: Cannot read property 'apply' of undefined", source: v8/flexsim (1)
[1024/195454.863:INFO:CONSOLE(1)] "Uncaught TypeError: Cannot read property 'apply' of undefined", source: v8/flexsim (1)
[1024/195454.863:INFO:CONSOLE(1)] "Uncaught TypeError: Cannot read property 'apply' of undefined", source: v8/flexsim (1)
[1024/195454.879:INFO:CONSOLE(1)] "Uncaught TypeError: Cannot read property 'apply' of undefined", source: v8/flexsim (1)
[1024/195455.594:INFO:CONSOLE(1)] "Uncaught TypeError: Cannot read property 'apply' of undefined", source: v8/flexsim (1)
[1024/195455.595:INFO:CONSOLE(1)] "Uncaught TypeError: Cannot read property 'apply' of undefined", source: v8/flexsim (1)
[1024/195455.595:INFO:CONSOLE(1)] "Uncaught TypeError: Cannot read property 'apply' of undefined", source: v8/flexsim (1)
[1024/195455.616:INFO:CONSOLE(1)] "Uncaught TypeError: Cannot read property 'apply' of undefined", source: v8/flexsim (1)
[1024/195455.616:INFO:CONSOLE(1)] "Uncaught TypeError: Cannot read property 'apply' of undefined", source: v8/flexsim (1)
[1024/195455.616:INFO:CONSOLE(1)] "Uncaught TypeError: Cannot read property 'apply' of undefined", source: v8/flexsim (1)
[1102/164030.952:ERROR:cache_util_win.cc(21)] Unable to move the cache: Acceso denegado. (0x5)
[1102/164030.952:ERROR:cache_util.cc(139)] Unable to move cache folder C:/ProgramData/Flexsim/FlexSim23.2//cef\GPUCache to C:/ProgramData/Flexsim/FlexSim23.2//cef\old_GPUCache_000
[1102/164030.953:ERROR:disk_cache.cc(184)] Unable to create cache
[1102/164030.953:ERROR:shader_disk_cache.cc(606)] Shader Cache Creation failed: -2
[1102/164032.735:INFO:CONSOLE(1)] "Uncaught TypeError: Cannot read property 'apply' of undefined", source: v8/flexsim (1)
[1102/164032.736:INFO:CONSOLE(1)] "Uncaught TypeError: Cannot read property 'apply' of undefined", source: v8/flexsim (1)
[1102/164032.736:INFO:CONSOLE(1)] "Uncaught TypeError: Cannot read property 'apply' of undefined", source: v8/flexsim (1)
[1102/164032.745:INFO:CONSOLE(1)] "Uncaught TypeError: Cannot read property 'apply' of undefined", source: v8/flexsim (1)
[1102/164032.745:INFO:CONSOLE(1)] "Uncaught TypeError: Cannot read property 'apply' of undefined", source: v8/flexsim (1)
[1102/164032.745:INFO:CONSOLE(1)] "Uncaught TypeError: Cannot read property 'apply' of undefined", source: v8/flexsim (1)
[1102/164035.751:WARNING:value_store_frontend.cc(43)] Reading mhjfbmdgcfjbbpaeojofohoefgiehjai.alarms from  failed: IO error: .../LOCK: Access denied. (ChromeMethodBFE: 15::LockFile::5)
[1102/164046.999:INFO:CONSOLE(1)] "Uncaught TypeError: Cannot read property 'apply' of undefined", source: v8/flexsim (1)
[1102/164046.999:INFO:CONSOLE(1)] "Uncaught TypeError: Cannot read property 'apply' of undefined", source: v8/flexsim (1)
[1102/164046.999:INFO:CONSOLE(1)] "Uncaught TypeError: Cannot read property 'apply' of undefined", source: v8/flexsim (1)
[1102/164058.250:INFO:CONSOLE(1)] "Uncaught TypeError: Cannot read property 'apply' of undefined", source: v8/flexsim (1)
[1102/164058.250:INFO:CONSOLE(1)] "Uncaught TypeError: Cannot read property 'apply' of undefined", source: v8/flexsim (1)
[1102/164058.271:INFO:CONSOLE(1)] "Uncaught TypeError: Cannot read property 'apply' of undefined", source: v8/flexsim (1)
[1102/164058.687:INFO:CONSOLE(1)] "Uncaught TypeError: Cannot read property 'apply' of undefined", source: v8/flexsim (1)
[1102/164058.687:INFO:CONSOLE(1)] "Uncaught TypeError: Cannot read property 'apply' of undefined", source: v8/flexsim (1)
[1102/164058.687:INFO:CONSOLE(1)] "Uncaught TypeError: Cannot read property 'apply' of undefined", source: v8/flexsim (1)
[1102/164058.715:INFO:CONSOLE(1)] "Uncaught TypeError: Cannot read property 'apply' of undefined", source: v8/flexsim (1)
[1102/164058.715:INFO:CONSOLE(1)] "Uncaught TypeError: Cannot read property 'apply' of undefined", source: v8/flexsim (1)
[1102/164058.715:INFO:CONSOLE(1)] "Uncaught TypeError: Cannot read property 'apply' of undefined", source: v8/flexsim (1)
[1102/164613.755:ERROR:cache_util_win.cc(21)] Unable to move the cache: Acceso denegado. (0x5)
[1102/164613.755:ERROR:cache_util.cc(139)] Unable to move cache folder C:/ProgramData/Flexsim/FlexSim23.2//cef\GPUCache to C:/ProgramData/Flexsim/FlexSim23.2//cef\old_GPUCache_000
[1102/164613.755:ERROR:disk_cache.cc(184)] Unable to create cache
[1102/164613.755:ERROR:shader_disk_cache.cc(606)] Shader Cache Creation failed: -2
[1102/164614.604:INFO:CONSOLE(1)] "Uncaught TypeError: Cannot read property 'apply' of undefined", source: v8/flexsim (1)
[1102/164614.604:INFO:CONSOLE(1)] "Uncaught TypeError: Cannot read property 'apply' of undefined", source: v8/flexsim (1)
[1102/164614.604:INFO:CONSOLE(1)] "Uncaught TypeError: Cannot read property 'apply' of undefined", source: v8/flexsim (1)
[1102/164614.608:INFO:CONSOLE(1)] "Uncaught TypeError: Cannot read property 'apply' of undefined", source: v8/flexsim (1)
[1102/164614.608:INFO:CONSOLE(1)] "Uncaught TypeError: Cannot read property 'apply' of undefined", source: v8/flexsim (1)
[1102/164614.609:INFO:CONSOLE(1)] "Uncaught TypeError: Cannot read property 'apply' of undefined", source: v8/flexsim (1)
[1102/164617.820:WARNING:value_store_frontend.cc(43)] Reading mhjfbmdgcfjbbpaeojofohoefgiehjai.alarms from  failed: IO error: .../LOCK: Access denied. (ChromeMethodBFE: 15::LockFile::5)
[1102/164627.003:INFO:CONSOLE(1)] "Uncaught TypeError: Cannot read property 'apply' of undefined", source: v8/flexsim (1)
[1102/164627.018:INFO:CONSOLE(1)] "Uncaught TypeError: Cannot read property 'apply' of undefined", source: v8/flexsim (1)
[1102/164627.041:INFO:CONSOLE(1)] "Uncaught TypeError: Cannot read property 'apply' of undefined", source: v8/flexsim (1)
[1102/164627.598:INFO:CONSOLE(1)] "Uncaught TypeError: Cannot read property 'apply' of undefined", source: v8/flexsim (1)
[1102/164627.598:INFO:CONSOLE(1)] "Uncaught TypeError: Cannot read property 'apply' of undefined", source: v8/flexsim (1)
[1102/164627.598:INFO:CONSOLE(1)] "Uncaught TypeError: Cannot read property 'apply' of undefined", source: v8/flexsim (1)
[1102/171614.638:INFO:CONSOLE(1)] "Uncaught TypeError: Cannot read property 'apply' of undefined", source: v8/flexsim (1)
[1102/171614.638:INFO:CONSOLE(1)] "Uncaught TypeError: Cannot read property 'apply' of undefined", source: v8/flexsim (1)
[1102/171614.638:INFO:CONSOLE(1)] "Uncaught TypeError: Cannot read property 'apply' of undefined", source: v8/flexsim (1)
[1102/171614.638:INFO:CONSOLE(1)] "Uncaught TypeError: Cannot read property 'apply' of undefined", source: v8/flexsim (1)
[1102/172614.620:INFO:CONSOLE(1)] "Uncaught TypeError: Cannot read property 'apply' of undefined", source: v8/flexsim (1)
[1102/172614.620:INFO:CONSOLE(1)] "Uncaught TypeError: Cannot read property 'apply' of undefined", source: v8/flexsim (1)
[1102/172614.620:INFO:CONSOLE(1)] "Uncaught TypeError: Cannot read property 'apply' of undefined", source: v8/flexsim (1)
[1102/172614.620:INFO:CONSOLE(1)] "Uncaught TypeError: Cannot read property 'apply' of undefined", source: v8/flexsim (1)
[1102/172614.620:INFO:CONSOLE(1)] "Uncaught TypeError: Cannot read property 'apply' of undefined", source: v8/flexsim (1)
[1102/173614.616:INFO:CONSOLE(1)] "Uncaught TypeError: Cannot read property 'apply' of undefined", source: v8/flexsim (1)
[1102/173614.616:INFO:CONSOLE(1)] "Uncaught TypeError: Cannot read property 'apply' of undefined", source: v8/flexsim (1)
[1102/173614.616:INFO:CONSOLE(1)] "Uncaught TypeError: Cannot read property 'apply' of undefined", source: v8/flexsim (1)
[1102/173614.616:INFO:CONSOLE(1)] "Uncaught TypeError: Cannot read property 'apply' of undefined", source: v8/flexsim (1)
[1102/173614.616:INFO:CONSOLE(1)] "Uncaught TypeError: Cannot read property 'apply' of undefined", source: v8/flexsim (1)
[1203/130315.373:ERROR:cache_util_win.cc(21)] Unable to move the cache: Acceso denegado. (0x5)
[1203/130315.373:ERROR:cache_util.cc(139)] Unable to move cache folder C:/ProgramData/Flexsim/FlexSim23.2//cef\GPUCache to C:/ProgramData/Flexsim/FlexSim23.2//cef\old_GPUCache_000
[1203/130315.374:ERROR:disk_cache.cc(184)] Unable to create cache
[1203/130315.374:ERROR:shader_disk_cache.cc(606)] Shader Cache Creation failed: -2
[1203/130316.658:INFO:CONSOLE(1)] "Uncaught TypeError: Cannot read property 'apply' of undefined", source: v8/flexsim (1)
[1203/130316.658:INFO:CONSOLE(1)] "Uncaught TypeError: Cannot read property 'apply' of undefined", source: v8/flexsim (1)
[1203/130316.658:INFO:CONSOLE(1)] "Uncaught TypeError: Cannot read property 'apply' of undefined", source: v8/flexsim (1)
[1203/130316.658:INFO:CONSOLE(1)] "Uncaught TypeError: Cannot read property 'apply' of undefined", source: v8/flexsim (1)
[1203/130316.658:INFO:CONSOLE(1)] "Uncaught TypeError: Cannot read property 'apply' of undefined", source: v8/flexsim (1)
[1203/130316.659:INFO:CONSOLE(1)] "Uncaught TypeError: Cannot read property 'apply' of undefined", source: v8/flexsim (1)
[1203/130319.718:WARNING:value_store_frontend.cc(43)] Reading mhjfbmdgcfjbbpaeojofohoefgiehjai.alarms from  failed: IO error: .../LOCK: Access denied. (ChromeMethodBFE: 15::LockFile::5)
